2023-07-07 19:59:58.629  INFO 37452 --- [restartedMain] o.wjy.gameforu.ServiceAdminApplication   : Starting ServiceAdminApplication on MacBook-Pro.local with PID 37452 (/Users/wjy/dev/IdeaProjects/wjy-gameforu/service/service-admin/target/classes started by wjy in /Users/wjy/dev/IdeaProjects/wjy-gameforu)
2023-07-07 19:59:58.635  INFO 37452 --- [restartedMain] o.wjy.gameforu.ServiceAdminApplication   : The following profiles are active: dev
2023-07-07 19:59:58.699  INFO 37452 --- [restartedMain] .e.DevToolsPropertyDefaultsPostProcessor : Devtools property defaults active! Set 'spring.devtools.add-properties' to 'false' to disable
2023-07-07 19:59:58.708  INFO 37452 --- [restartedMain] .e.DevToolsPropertyDefaultsPostProcessor : For additional web related logging consider setting the 'logging.level.web' property to 'DEBUG'
2023-07-07 19:59:59.172  WARN 37452 --- [restartedMain] ConfigServletWebServerApplicationContext : Exception encountered during context initialization - cancelling refresh attempt: org.springframework.beans.factory.BeanDefinitionStoreException: Failed to parse configuration class [org.wjy.gameforu.ServiceAdminApplication]; nested exception is org.springframework.context.annotation.ConflictingBeanDefinitionException: Annotation-specified bean name 'gameController' for bean class [org.wjy.gameforu.admin2.controller.GameController] conflicts with existing, non-compatible bean definition of same name and class [org.wjy.gameforu.admin.controller.GameController]
2023-07-07 19:59:59.186  INFO 37452 --- [restartedMain] ConditionEvaluationReportLoggingListener : 

Error starting ApplicationContext. To display the conditions report re-run your application with 'debug' enabled.
2023-07-07 19:59:59.263 ERROR 37452 --- [restartedMain] o.s.boot.SpringApplication               : Application run failed

org.springframework.beans.factory.BeanDefinitionStoreException: Failed to parse configuration class [org.wjy.gameforu.ServiceAdminApplication]; nested exception is org.springframework.context.annotation.ConflictingBeanDefinitionException: Annotation-specified bean name 'gameController' for bean class [org.wjy.gameforu.admin2.controller.GameController] conflicts with existing, non-compatible bean definition of same name and class [org.wjy.gameforu.admin.controller.GameController]
	at org.springframework.context.annotation.ConfigurationClassParser.parse(ConfigurationClassParser.java:189) ~[spring-context-5.2.11.RELEASE.jar:5.2.11.RELEASE]
	at org.springframework.context.annotation.ConfigurationClassPostProcessor.processConfigBeanDefinitions(ConfigurationClassPostProcessor.java:319) ~[spring-context-5.2.11.RELEASE.jar:5.2.11.RELEASE]
	at org.springframework.context.annotation.ConfigurationClassPostProcessor.postProcessBeanDefinitionRegistry(ConfigurationClassPostProcessor.java:236) ~[spring-context-5.2.11.RELEASE.jar:5.2.11.RELEASE]
	at org.springframework.context.support.PostProcessorRegistrationDelegate.invokeBeanDefinitionRegistryPostProcessors(PostProcessorRegistrationDelegate.java:280) ~[spring-context-5.2.11.RELEASE.jar:5.2.11.RELEASE]
	at org.springframework.context.support.PostProcessorRegistrationDelegate.invokeBeanFactoryPostProcessors(PostProcessorRegistrationDelegate.java:96) ~[spring-context-5.2.11.RELEASE.jar:5.2.11.RELEASE]
	at org.springframework.context.support.AbstractApplicationContext.invokeBeanFactoryPostProcessors(AbstractApplicationContext.java:707) ~[spring-context-5.2.11.RELEASE.jar:5.2.11.RELEASE]
	at org.springframework.context.support.AbstractApplicationContext.refresh(AbstractApplicationContext.java:533) ~[spring-context-5.2.11.RELEASE.jar:5.2.11.RELEASE]
	at org.springframework.boot.web.servlet.context.ServletWebServerApplicationContext.refresh(ServletWebServerApplicationContext.java:143) ~[spring-boot-2.3.6.RELEASE.jar:2.3.6.RELEASE]
	at org.springframework.boot.SpringApplication.refresh(SpringApplication.java:758) [spring-boot-2.3.6.RELEASE.jar:2.3.6.RELEASE]
	at org.springframework.boot.SpringApplication.refresh(SpringApplication.java:750) [spring-boot-2.3.6.RELEASE.jar:2.3.6.RELEASE]
	at org.springframework.boot.SpringApplication.refreshContext(SpringApplication.java:405) [spring-boot-2.3.6.RELEASE.jar:2.3.6.RELEASE]
	at org.springframework.boot.SpringApplication.run(SpringApplication.java:315) [spring-boot-2.3.6.RELEASE.jar:2.3.6.RELEASE]
	at org.springframework.boot.SpringApplication.run(SpringApplication.java:1237) [spring-boot-2.3.6.RELEASE.jar:2.3.6.RELEASE]
	at org.springframework.boot.SpringApplication.run(SpringApplication.java:1226) [spring-boot-2.3.6.RELEASE.jar:2.3.6.RELEASE]
	at org.wjy.gameforu.ServiceAdminApplication.main(ServiceAdminApplication.java:13) [classes/:na]
	at sun.reflect.NativeMethodAccessorImpl.invoke0(Native Method) ~[na:1.8.0_362]
	at sun.reflect.NativeMethodAccessorImpl.invoke(NativeMethodAccessorImpl.java:62) ~[na:1.8.0_362]
	at sun.reflect.DelegatingMethodAccessorImpl.invoke(DelegatingMethodAccessorImpl.java:43) ~[na:1.8.0_362]
	at java.lang.reflect.Method.invoke(Method.java:498) ~[na:1.8.0_362]
	at org.springframework.boot.devtools.restart.RestartLauncher.run(RestartLauncher.java:49) [spring-boot-devtools-2.3.6.RELEASE.jar:2.3.6.RELEASE]
Caused by: org.springframework.context.annotation.ConflictingBeanDefinitionException: Annotation-specified bean name 'gameController' for bean class [org.wjy.gameforu.admin2.controller.GameController] conflicts with existing, non-compatible bean definition of same name and class [org.wjy.gameforu.admin.controller.GameController]
	at org.springframework.context.annotation.ClassPathBeanDefinitionScanner.checkCandidate(ClassPathBeanDefinitionScanner.java:349) ~[spring-context-5.2.11.RELEASE.jar:5.2.11.RELEASE]
	at org.springframework.context.annotation.ClassPathBeanDefinitionScanner.doScan(ClassPathBeanDefinitionScanner.java:287) ~[spring-context-5.2.11.RELEASE.jar:5.2.11.RELEASE]
	at org.springframework.context.annotation.ComponentScanAnnotationParser.parse(ComponentScanAnnotationParser.java:132) ~[spring-context-5.2.11.RELEASE.jar:5.2.11.RELEASE]
	at org.springframework.context.annotation.ConfigurationClassParser.doProcessConfigurationClass(ConfigurationClassParser.java:296) ~[spring-context-5.2.11.RELEASE.jar:5.2.11.RELEASE]
	at org.springframework.context.annotation.ConfigurationClassParser.processConfigurationClass(ConfigurationClassParser.java:250) ~[spring-context-5.2.11.RELEASE.jar:5.2.11.RELEASE]
	at org.springframework.context.annotation.ConfigurationClassParser.parse(ConfigurationClassParser.java:207) ~[spring-context-5.2.11.RELEASE.jar:5.2.11.RELEASE]
	at org.springframework.context.annotation.ConfigurationClassParser.parse(ConfigurationClassParser.java:175) ~[spring-context-5.2.11.RELEASE.jar:5.2.11.RELEASE]
	... 19 common frames omitted

2023-07-07 20:01:32.563  INFO 37478 --- [restartedMain] o.wjy.gameforu.ServiceAdminApplication   : Starting ServiceAdminApplication on MacBook-Pro.local with PID 37478 (/Users/wjy/dev/IdeaProjects/wjy-gameforu/service/service-admin/target/classes started by wjy in /Users/wjy/dev/IdeaProjects/wjy-gameforu)
2023-07-07 20:01:32.566  INFO 37478 --- [restartedMain] o.wjy.gameforu.ServiceAdminApplication   : The following profiles are active: dev
2023-07-07 20:01:32.617  INFO 37478 --- [restartedMain] .e.DevToolsPropertyDefaultsPostProcessor : Devtools property defaults active! Set 'spring.devtools.add-properties' to 'false' to disable
2023-07-07 20:01:32.617  INFO 37478 --- [restartedMain] .e.DevToolsPropertyDefaultsPostProcessor : For additional web related logging consider setting the 'logging.level.web' property to 'DEBUG'
2023-07-07 20:01:33.132  WARN 37478 --- [restartedMain] ConfigServletWebServerApplicationContext : Exception encountered during context initialization - cancelling refresh attempt: org.springframework.beans.factory.BeanDefinitionStoreException: Failed to parse configuration class [org.wjy.gameforu.ServiceAdminApplication]; nested exception is org.springframework.context.annotation.ConflictingBeanDefinitionException: Annotation-specified bean name 'genreController' for bean class [org.wjy.gameforu.admin2.controller.GenreController] conflicts with existing, non-compatible bean definition of same name and class [org.wjy.gameforu.admin.controller.GenreController]
2023-07-07 20:01:33.141  INFO 37478 --- [restartedMain] ConditionEvaluationReportLoggingListener : 

Error starting ApplicationContext. To display the conditions report re-run your application with 'debug' enabled.
2023-07-07 20:01:33.217 ERROR 37478 --- [restartedMain] o.s.boot.SpringApplication               : Application run failed

org.springframework.beans.factory.BeanDefinitionStoreException: Failed to parse configuration class [org.wjy.gameforu.ServiceAdminApplication]; nested exception is org.springframework.context.annotation.ConflictingBeanDefinitionException: Annotation-specified bean name 'genreController' for bean class [org.wjy.gameforu.admin2.controller.GenreController] conflicts with existing, non-compatible bean definition of same name and class [org.wjy.gameforu.admin.controller.GenreController]
	at org.springframework.context.annotation.ConfigurationClassParser.parse(ConfigurationClassParser.java:189) ~[spring-context-5.2.11.RELEASE.jar:5.2.11.RELEASE]
	at org.springframework.context.annotation.ConfigurationClassPostProcessor.processConfigBeanDefinitions(ConfigurationClassPostProcessor.java:319) ~[spring-context-5.2.11.RELEASE.jar:5.2.11.RELEASE]
	at org.springframework.context.annotation.ConfigurationClassPostProcessor.postProcessBeanDefinitionRegistry(ConfigurationClassPostProcessor.java:236) ~[spring-context-5.2.11.RELEASE.jar:5.2.11.RELEASE]
	at org.springframework.context.support.PostProcessorRegistrationDelegate.invokeBeanDefinitionRegistryPostProcessors(PostProcessorRegistrationDelegate.java:280) ~[spring-context-5.2.11.RELEASE.jar:5.2.11.RELEASE]
	at org.springframework.context.support.PostProcessorRegistrationDelegate.invokeBeanFactoryPostProcessors(PostProcessorRegistrationDelegate.java:96) ~[spring-context-5.2.11.RELEASE.jar:5.2.11.RELEASE]
	at org.springframework.context.support.AbstractApplicationContext.invokeBeanFactoryPostProcessors(AbstractApplicationContext.java:707) ~[spring-context-5.2.11.RELEASE.jar:5.2.11.RELEASE]
	at org.springframework.context.support.AbstractApplicationContext.refresh(AbstractApplicationContext.java:533) ~[spring-context-5.2.11.RELEASE.jar:5.2.11.RELEASE]
	at org.springframework.boot.web.servlet.context.ServletWebServerApplicationContext.refresh(ServletWebServerApplicationContext.java:143) ~[spring-boot-2.3.6.RELEASE.jar:2.3.6.RELEASE]
	at org.springframework.boot.SpringApplication.refresh(SpringApplication.java:758) [spring-boot-2.3.6.RELEASE.jar:2.3.6.RELEASE]
	at org.springframework.boot.SpringApplication.refresh(SpringApplication.java:750) [spring-boot-2.3.6.RELEASE.jar:2.3.6.RELEASE]
	at org.springframework.boot.SpringApplication.refreshContext(SpringApplication.java:405) [spring-boot-2.3.6.RELEASE.jar:2.3.6.RELEASE]
	at org.springframework.boot.SpringApplication.run(SpringApplication.java:315) [spring-boot-2.3.6.RELEASE.jar:2.3.6.RELEASE]
	at org.springframework.boot.SpringApplication.run(SpringApplication.java:1237) [spring-boot-2.3.6.RELEASE.jar:2.3.6.RELEASE]
	at org.springframework.boot.SpringApplication.run(SpringApplication.java:1226) [spring-boot-2.3.6.RELEASE.jar:2.3.6.RELEASE]
	at org.wjy.gameforu.ServiceAdminApplication.main(ServiceAdminApplication.java:13) [classes/:na]
	at sun.reflect.NativeMethodAccessorImpl.invoke0(Native Method) ~[na:1.8.0_362]
	at sun.reflect.NativeMethodAccessorImpl.invoke(NativeMethodAccessorImpl.java:62) ~[na:1.8.0_362]
	at sun.reflect.DelegatingMethodAccessorImpl.invoke(DelegatingMethodAccessorImpl.java:43) ~[na:1.8.0_362]
	at java.lang.reflect.Method.invoke(Method.java:498) ~[na:1.8.0_362]
	at org.springframework.boot.devtools.restart.RestartLauncher.run(RestartLauncher.java:49) [spring-boot-devtools-2.3.6.RELEASE.jar:2.3.6.RELEASE]
Caused by: org.springframework.context.annotation.ConflictingBeanDefinitionException: Annotation-specified bean name 'genreController' for bean class [org.wjy.gameforu.admin2.controller.GenreController] conflicts with existing, non-compatible bean definition of same name and class [org.wjy.gameforu.admin.controller.GenreController]
	at org.springframework.context.annotation.ClassPathBeanDefinitionScanner.checkCandidate(ClassPathBeanDefinitionScanner.java:349) ~[spring-context-5.2.11.RELEASE.jar:5.2.11.RELEASE]
	at org.springframework.context.annotation.ClassPathBeanDefinitionScanner.doScan(ClassPathBeanDefinitionScanner.java:287) ~[spring-context-5.2.11.RELEASE.jar:5.2.11.RELEASE]
	at org.springframework.context.annotation.ComponentScanAnnotationParser.parse(ComponentScanAnnotationParser.java:132) ~[spring-context-5.2.11.RELEASE.jar:5.2.11.RELEASE]
	at org.springframework.context.annotation.ConfigurationClassParser.doProcessConfigurationClass(ConfigurationClassParser.java:296) ~[spring-context-5.2.11.RELEASE.jar:5.2.11.RELEASE]
	at org.springframework.context.annotation.ConfigurationClassParser.processConfigurationClass(ConfigurationClassParser.java:250) ~[spring-context-5.2.11.RELEASE.jar:5.2.11.RELEASE]
	at org.springframework.context.annotation.ConfigurationClassParser.parse(ConfigurationClassParser.java:207) ~[spring-context-5.2.11.RELEASE.jar:5.2.11.RELEASE]
	at org.springframework.context.annotation.ConfigurationClassParser.parse(ConfigurationClassParser.java:175) ~[spring-context-5.2.11.RELEASE.jar:5.2.11.RELEASE]
	... 19 common frames omitted

2023-07-07 20:02:49.636  INFO 37546 --- [restartedMain] o.wjy.gameforu.ServiceAdminApplication   : Starting ServiceAdminApplication on MacBook-Pro.local with PID 37546 (/Users/wjy/dev/IdeaProjects/wjy-gameforu/service/service-admin/target/classes started by wjy in /Users/wjy/dev/IdeaProjects/wjy-gameforu)
2023-07-07 20:02:49.639  INFO 37546 --- [restartedMain] o.wjy.gameforu.ServiceAdminApplication   : The following profiles are active: dev
2023-07-07 20:02:49.684  INFO 37546 --- [restartedMain] .e.DevToolsPropertyDefaultsPostProcessor : Devtools property defaults active! Set 'spring.devtools.add-properties' to 'false' to disable
2023-07-07 20:02:49.684  INFO 37546 --- [restartedMain] .e.DevToolsPropertyDefaultsPostProcessor : For additional web related logging consider setting the 'logging.level.web' property to 'DEBUG'
2023-07-07 20:02:50.770  INFO 37546 --- [restartedMain] .s.d.r.c.RepositoryConfigurationDelegate : Multiple Spring Data modules found, entering strict repository configuration mode!
2023-07-07 20:02:50.773  INFO 37546 --- [restartedMain] .s.d.r.c.RepositoryConfigurationDelegate : Bootstrapping Spring Data Redis repositories in DEFAULT mode.
2023-07-07 20:02:50.813  INFO 37546 --- [restartedMain] .s.d.r.c.RepositoryConfigurationDelegate : Finished Spring Data repository scanning in 23ms. Found 0 Redis repository interfaces.
2023-07-07 20:02:50.972 ERROR 37546 --- [restartedMain] o.s.boot.SpringApplication               : Application run failed

org.springframework.context.annotation.ConflictingBeanDefinitionException: Annotation-specified bean name 'gameGenreMapper' for bean class [org.wjy.gameforu.admin2.mapper.GameGenreMapper] conflicts with existing, non-compatible bean definition of same name and class [org.wjy.gameforu.admin.mapper.GameGenreMapper]
	at org.springframework.context.annotation.ClassPathBeanDefinitionScanner.checkCandidate(ClassPathBeanDefinitionScanner.java:349) ~[spring-context-5.2.11.RELEASE.jar:5.2.11.RELEASE]
	at org.mybatis.spring.mapper.ClassPathMapperScanner.checkCandidate(ClassPathMapperScanner.java:256) ~[mybatis-spring-2.0.5.jar:2.0.5]
	at org.springframework.context.annotation.ClassPathBeanDefinitionScanner.doScan(ClassPathBeanDefinitionScanner.java:287) ~[spring-context-5.2.11.RELEASE.jar:5.2.11.RELEASE]
	at org.mybatis.spring.mapper.ClassPathMapperScanner.doScan(ClassPathMapperScanner.java:181) ~[mybatis-spring-2.0.5.jar:2.0.5]
	at org.springframework.context.annotation.ClassPathBeanDefinitionScanner.scan(ClassPathBeanDefinitionScanner.java:254) ~[spring-context-5.2.11.RELEASE.jar:5.2.11.RELEASE]
	at org.mybatis.spring.mapper.MapperScannerConfigurer.postProcessBeanDefinitionRegistry(MapperScannerConfigurer.java:356) ~[mybatis-spring-2.0.5.jar:2.0.5]
	at org.springframework.context.support.PostProcessorRegistrationDelegate.invokeBeanDefinitionRegistryPostProcessors(PostProcessorRegistrationDelegate.java:280) ~[spring-context-5.2.11.RELEASE.jar:5.2.11.RELEASE]
	at org.springframework.context.support.PostProcessorRegistrationDelegate.invokeBeanFactoryPostProcessors(PostProcessorRegistrationDelegate.java:126) ~[spring-context-5.2.11.RELEASE.jar:5.2.11.RELEASE]
	at org.springframework.context.support.AbstractApplicationContext.invokeBeanFactoryPostProcessors(AbstractApplicationContext.java:707) ~[spring-context-5.2.11.RELEASE.jar:5.2.11.RELEASE]
	at org.springframework.context.support.AbstractApplicationContext.refresh(AbstractApplicationContext.java:533) ~[spring-context-5.2.11.RELEASE.jar:5.2.11.RELEASE]
	at org.springframework.boot.web.servlet.context.ServletWebServerApplicationContext.refresh(ServletWebServerApplicationContext.java:143) ~[spring-boot-2.3.6.RELEASE.jar:2.3.6.RELEASE]
	at org.springframework.boot.SpringApplication.refresh(SpringApplication.java:758) [spring-boot-2.3.6.RELEASE.jar:2.3.6.RELEASE]
	at org.springframework.boot.SpringApplication.refresh(SpringApplication.java:750) [spring-boot-2.3.6.RELEASE.jar:2.3.6.RELEASE]
	at org.springframework.boot.SpringApplication.refreshContext(SpringApplication.java:405) [spring-boot-2.3.6.RELEASE.jar:2.3.6.RELEASE]
	at org.springframework.boot.SpringApplication.run(SpringApplication.java:315) [spring-boot-2.3.6.RELEASE.jar:2.3.6.RELEASE]
	at org.springframework.boot.SpringApplication.run(SpringApplication.java:1237) [spring-boot-2.3.6.RELEASE.jar:2.3.6.RELEASE]
	at org.springframework.boot.SpringApplication.run(SpringApplication.java:1226) [spring-boot-2.3.6.RELEASE.jar:2.3.6.RELEASE]
	at org.wjy.gameforu.ServiceAdminApplication.main(ServiceAdminApplication.java:13) [classes/:na]
	at sun.reflect.NativeMethodAccessorImpl.invoke0(Native Method) ~[na:1.8.0_362]
	at sun.reflect.NativeMethodAccessorImpl.invoke(NativeMethodAccessorImpl.java:62) ~[na:1.8.0_362]
	at sun.reflect.DelegatingMethodAccessorImpl.invoke(DelegatingMethodAccessorImpl.java:43) ~[na:1.8.0_362]
	at java.lang.reflect.Method.invoke(Method.java:498) ~[na:1.8.0_362]
	at org.springframework.boot.devtools.restart.RestartLauncher.run(RestartLauncher.java:49) [spring-boot-devtools-2.3.6.RELEASE.jar:2.3.6.RELEASE]

2023-07-07 20:04:29.254  INFO 37587 --- [restartedMain] o.wjy.gameforu.ServiceAdminApplication   : Starting ServiceAdminApplication on MacBook-Pro.local with PID 37587 (/Users/wjy/dev/IdeaProjects/wjy-gameforu/service/service-admin/target/classes started by wjy in /Users/wjy/dev/IdeaProjects/wjy-gameforu)
2023-07-07 20:04:29.256  INFO 37587 --- [restartedMain] o.wjy.gameforu.ServiceAdminApplication   : The following profiles are active: dev
2023-07-07 20:04:29.300  INFO 37587 --- [restartedMain] .e.DevToolsPropertyDefaultsPostProcessor : Devtools property defaults active! Set 'spring.devtools.add-properties' to 'false' to disable
2023-07-07 20:04:29.300  INFO 37587 --- [restartedMain] .e.DevToolsPropertyDefaultsPostProcessor : For additional web related logging consider setting the 'logging.level.web' property to 'DEBUG'
2023-07-07 20:04:30.365  INFO 37587 --- [restartedMain] .s.d.r.c.RepositoryConfigurationDelegate : Multiple Spring Data modules found, entering strict repository configuration mode!
2023-07-07 20:04:30.367  INFO 37587 --- [restartedMain] .s.d.r.c.RepositoryConfigurationDelegate : Bootstrapping Spring Data Redis repositories in DEFAULT mode.
2023-07-07 20:04:30.402  INFO 37587 --- [restartedMain] .s.d.r.c.RepositoryConfigurationDelegate : Finished Spring Data repository scanning in 21ms. Found 0 Redis repository interfaces.
2023-07-07 20:04:30.554 ERROR 37587 --- [restartedMain] o.s.boot.SpringApplication               : Application run failed

org.springframework.context.annotation.ConflictingBeanDefinitionException: Annotation-specified bean name 'gameGenreMapper' for bean class [org.wjy.gameforu.admin2.mapper.GameGenreMapper] conflicts with existing, non-compatible bean definition of same name and class [org.wjy.gameforu.admin.mapper.GameGenreMapper]
	at org.springframework.context.annotation.ClassPathBeanDefinitionScanner.checkCandidate(ClassPathBeanDefinitionScanner.java:349) ~[spring-context-5.2.11.RELEASE.jar:5.2.11.RELEASE]
	at org.mybatis.spring.mapper.ClassPathMapperScanner.checkCandidate(ClassPathMapperScanner.java:256) ~[mybatis-spring-2.0.5.jar:2.0.5]
	at org.springframework.context.annotation.ClassPathBeanDefinitionScanner.doScan(ClassPathBeanDefinitionScanner.java:287) ~[spring-context-5.2.11.RELEASE.jar:5.2.11.RELEASE]
	at org.mybatis.spring.mapper.ClassPathMapperScanner.doScan(ClassPathMapperScanner.java:181) ~[mybatis-spring-2.0.5.jar:2.0.5]
	at org.springframework.context.annotation.ClassPathBeanDefinitionScanner.scan(ClassPathBeanDefinitionScanner.java:254) ~[spring-context-5.2.11.RELEASE.jar:5.2.11.RELEASE]
	at org.mybatis.spring.mapper.MapperScannerConfigurer.postProcessBeanDefinitionRegistry(MapperScannerConfigurer.java:356) ~[mybatis-spring-2.0.5.jar:2.0.5]
	at org.springframework.context.support.PostProcessorRegistrationDelegate.invokeBeanDefinitionRegistryPostProcessors(PostProcessorRegistrationDelegate.java:280) ~[spring-context-5.2.11.RELEASE.jar:5.2.11.RELEASE]
	at org.springframework.context.support.PostProcessorRegistrationDelegate.invokeBeanFactoryPostProcessors(PostProcessorRegistrationDelegate.java:126) ~[spring-context-5.2.11.RELEASE.jar:5.2.11.RELEASE]
	at org.springframework.context.support.AbstractApplicationContext.invokeBeanFactoryPostProcessors(AbstractApplicationContext.java:707) ~[spring-context-5.2.11.RELEASE.jar:5.2.11.RELEASE]
	at org.springframework.context.support.AbstractApplicationContext.refresh(AbstractApplicationContext.java:533) ~[spring-context-5.2.11.RELEASE.jar:5.2.11.RELEASE]
	at org.springframework.boot.web.servlet.context.ServletWebServerApplicationContext.refresh(ServletWebServerApplicationContext.java:143) ~[spring-boot-2.3.6.RELEASE.jar:2.3.6.RELEASE]
	at org.springframework.boot.SpringApplication.refresh(SpringApplication.java:758) [spring-boot-2.3.6.RELEASE.jar:2.3.6.RELEASE]
	at org.springframework.boot.SpringApplication.refresh(SpringApplication.java:750) [spring-boot-2.3.6.RELEASE.jar:2.3.6.RELEASE]
	at org.springframework.boot.SpringApplication.refreshContext(SpringApplication.java:405) [spring-boot-2.3.6.RELEASE.jar:2.3.6.RELEASE]
	at org.springframework.boot.SpringApplication.run(SpringApplication.java:315) [spring-boot-2.3.6.RELEASE.jar:2.3.6.RELEASE]
	at org.springframework.boot.SpringApplication.run(SpringApplication.java:1237) [spring-boot-2.3.6.RELEASE.jar:2.3.6.RELEASE]
	at org.springframework.boot.SpringApplication.run(SpringApplication.java:1226) [spring-boot-2.3.6.RELEASE.jar:2.3.6.RELEASE]
	at org.wjy.gameforu.ServiceAdminApplication.main(ServiceAdminApplication.java:13) [classes/:na]
	at sun.reflect.NativeMethodAccessorImpl.invoke0(Native Method) ~[na:1.8.0_362]
	at sun.reflect.NativeMethodAccessorImpl.invoke(NativeMethodAccessorImpl.java:62) ~[na:1.8.0_362]
	at sun.reflect.DelegatingMethodAccessorImpl.invoke(DelegatingMethodAccessorImpl.java:43) ~[na:1.8.0_362]
	at java.lang.reflect.Method.invoke(Method.java:498) ~[na:1.8.0_362]
	at org.springframework.boot.devtools.restart.RestartLauncher.run(RestartLauncher.java:49) [spring-boot-devtools-2.3.6.RELEASE.jar:2.3.6.RELEASE]

2023-07-07 20:23:37.413  INFO 46230 --- [restartedMain] o.wjy.gameforu.ServiceAdminApplication   : Starting ServiceAdminApplication on MacBook-Pro.local with PID 46230 (/Users/wjy/dev/IdeaProjects/wjy-gameforu/service/service-admin/target/classes started by wjy in /Users/wjy/dev/IdeaProjects/wjy-gameforu)
2023-07-07 20:23:37.415  INFO 46230 --- [restartedMain] o.wjy.gameforu.ServiceAdminApplication   : The following profiles are active: dev
2023-07-07 20:23:37.464  INFO 46230 --- [restartedMain] .e.DevToolsPropertyDefaultsPostProcessor : Devtools property defaults active! Set 'spring.devtools.add-properties' to 'false' to disable
2023-07-07 20:23:37.464  INFO 46230 --- [restartedMain] .e.DevToolsPropertyDefaultsPostProcessor : For additional web related logging consider setting the 'logging.level.web' property to 'DEBUG'
2023-07-07 20:23:38.626  INFO 46230 --- [restartedMain] .s.d.r.c.RepositoryConfigurationDelegate : Multiple Spring Data modules found, entering strict repository configuration mode!
2023-07-07 20:23:38.629  INFO 46230 --- [restartedMain] .s.d.r.c.RepositoryConfigurationDelegate : Bootstrapping Spring Data Redis repositories in DEFAULT mode.
2023-07-07 20:23:38.669  INFO 46230 --- [restartedMain] .s.d.r.c.RepositoryConfigurationDelegate : Finished Spring Data repository scanning in 22ms. Found 0 Redis repository interfaces.
2023-07-07 20:23:39.139  INFO 46230 --- [restartedMain] trationDelegate$BeanPostProcessorChecker : Bean 'spring.cloud.sentinel-com.alibaba.cloud.sentinel.SentinelProperties' of type [com.alibaba.cloud.sentinel.SentinelProperties] is not eligible for getting processed by all BeanPostProcessors (for example: not eligible for auto-proxying)
2023-07-07 20:23:39.142  INFO 46230 --- [restartedMain] trationDelegate$BeanPostProcessorChecker : Bean 'com.alibaba.cloud.sentinel.custom.SentinelAutoConfiguration' of type [com.alibaba.cloud.sentinel.custom.SentinelAutoConfiguration] is not eligible for getting processed by all BeanPostProcessors (for example: not eligible for auto-proxying)
2023-07-07 20:23:39.435  INFO 46230 --- [restartedMain] o.s.b.w.embedded.tomcat.TomcatWebServer  : Tomcat initialized with port(s): 8201 (http)
2023-07-07 20:23:39.446  INFO 46230 --- [restartedMain] o.apache.catalina.core.StandardService   : Starting service [Tomcat]
2023-07-07 20:23:39.446  INFO 46230 --- [restartedMain] org.apache.catalina.core.StandardEngine  : Starting Servlet engine: [Apache Tomcat/9.0.39]
2023-07-07 20:23:39.523  INFO 46230 --- [restartedMain] o.a.c.c.C.[Tomcat].[localhost].[/]       : Initializing Spring embedded WebApplicationContext
2023-07-07 20:23:39.524  INFO 46230 --- [restartedMain] w.s.c.ServletWebServerApplicationContext : Root WebApplicationContext: initialization completed in 2059 ms
2023-07-07 20:23:40.005  INFO 46230 --- [restartedMain] o.s.s.concurrent.ThreadPoolTaskExecutor  : Initializing ExecutorService 'applicationTaskExecutor'
2023-07-07 20:23:40.612  INFO 46230 --- [restartedMain] c.a.c.s.SentinelWebAutoConfiguration     : [Sentinel Starter] register SentinelWebInterceptor with urlPatterns: [/**].
2023-07-07 20:23:40.647 DEBUG 46230 --- [restartedMain] s.w.s.m.m.a.RequestMappingHandlerMapping : 14 mappings in 'requestMappingHandlerMapping'
2023-07-07 20:23:40.710  INFO 46230 --- [restartedMain] pertySourcedRequestMappingHandlerMapping : Mapped URL path [/v2/api-docs] onto method [springfox.documentation.swagger2.web.Swagger2ControllerWebMvc#getDocumentation(String, HttpServletRequest)]
2023-07-07 20:23:40.870  INFO 46230 --- [restartedMain] o.s.b.d.a.OptionalLiveReloadServer       : LiveReload server is running on port 35729
2023-07-07 20:23:40.878 DEBUG 46230 --- [restartedMain] s.w.s.m.m.a.RequestMappingHandlerAdapter : ControllerAdvice beans: 0 @ModelAttribute, 0 @InitBinder, 1 RequestBodyAdvice, 1 ResponseBodyAdvice
2023-07-07 20:23:40.926 DEBUG 46230 --- [restartedMain] o.s.w.s.handler.SimpleUrlHandlerMapping  : Patterns [/webjars/**, /**] in 'resourceHandlerMapping'
2023-07-07 20:23:40.935 DEBUG 46230 --- [restartedMain] .m.m.a.ExceptionHandlerExceptionResolver : ControllerAdvice beans: 1 @ExceptionHandler, 1 ResponseBodyAdvice
2023-07-07 20:23:41.479  INFO 46230 --- [restartedMain] o.s.b.w.embedded.tomcat.TomcatWebServer  : Tomcat started on port(s): 8201 (http) with context path ''
2023-07-07 20:23:41.482  INFO 46230 --- [restartedMain] d.s.w.p.DocumentationPluginsBootstrapper : Documentation plugins bootstrapped
2023-07-07 20:23:41.485  INFO 46230 --- [restartedMain] d.s.w.p.DocumentationPluginsBootstrapper : Found 2 custom documentation plugin(s)
2023-07-07 20:23:41.512  INFO 46230 --- [restartedMain] s.d.s.w.s.ApiListingReferenceScanner     : Scanning for api listing references
2023-07-07 20:23:41.523  INFO 46230 --- [restartedMain] s.d.s.w.s.ApiListingReferenceScanner     : Scanning for api listing references
2023-07-07 20:23:41.533  INFO 46230 --- [restartedMain] o.wjy.gameforu.ServiceAdminApplication   : Started ServiceAdminApplication in 4.604 seconds (JVM running for 10.284)
2023-07-07 20:24:06.487  INFO 46230 --- [http-nio-8201-exec-1] o.a.c.c.C.[Tomcat].[localhost].[/]       : Initializing Spring DispatcherServlet 'dispatcherServlet'
2023-07-07 20:24:06.487  INFO 46230 --- [http-nio-8201-exec-1] o.s.web.servlet.DispatcherServlet        : Initializing Servlet 'dispatcherServlet'
2023-07-07 20:24:06.488 DEBUG 46230 --- [http-nio-8201-exec-1] o.s.web.servlet.DispatcherServlet        : Detected StandardServletMultipartResolver
2023-07-07 20:24:06.500 DEBUG 46230 --- [http-nio-8201-exec-1] o.s.web.servlet.DispatcherServlet        : enableLoggingRequestDetails='false': request parameters and headers will be masked to prevent unsafe logging of potentially sensitive data
2023-07-07 20:24:06.501  INFO 46230 --- [http-nio-8201-exec-1] o.s.web.servlet.DispatcherServlet        : Completed initialization in 13 ms
2023-07-07 20:24:06.515 DEBUG 46230 --- [http-nio-8201-exec-1] o.s.web.servlet.DispatcherServlet        : GET "/doc.html", parameters={}
2023-07-07 20:24:06.539 DEBUG 46230 --- [http-nio-8201-exec-1] o.s.w.s.handler.SimpleUrlHandlerMapping  : Mapped to ResourceHttpRequestHandler ["classpath:/META-INF/resources/", "classpath:/resources/", "classpath:/static/", "classpath:/public/", "/"]
2023-07-07 20:24:11.797 DEBUG 46230 --- [http-nio-8201-exec-1] o.s.web.servlet.DispatcherServlet        : Completed 200 OK
2023-07-07 20:24:11.889 DEBUG 46230 --- [http-nio-8201-exec-2] o.s.web.servlet.DispatcherServlet        : GET "/webjars/css/app.ff80f646.css", parameters={}
2023-07-07 20:24:11.894 DEBUG 46230 --- [http-nio-8201-exec-2] o.s.w.s.handler.SimpleUrlHandlerMapping  : Mapped to ResourceHttpRequestHandler ["classpath:/META-INF/resources/webjars/"]
2023-07-07 20:24:11.915 DEBUG 46230 --- [http-nio-8201-exec-2] o.s.web.servlet.DispatcherServlet        : Completed 200 OK
2023-07-07 20:24:11.944 DEBUG 46230 --- [http-nio-8201-exec-3] o.s.web.servlet.DispatcherServlet        : GET "/webjars/css/chunk-vendors.7c767628.css", parameters={}
2023-07-07 20:24:11.945 DEBUG 46230 --- [http-nio-8201-exec-4] o.s.web.servlet.DispatcherServlet        : GET "/webjars/js/app.0f2f48b5.js", parameters={}
2023-07-07 20:24:11.946 DEBUG 46230 --- [http-nio-8201-exec-3] o.s.w.s.handler.SimpleUrlHandlerMapping  : Mapped to ResourceHttpRequestHandler ["classpath:/META-INF/resources/webjars/"]
2023-07-07 20:24:11.946 DEBUG 46230 --- [http-nio-8201-exec-4] o.s.w.s.handler.SimpleUrlHandlerMapping  : Mapped to ResourceHttpRequestHandler ["classpath:/META-INF/resources/webjars/"]
2023-07-07 20:24:11.956 DEBUG 46230 --- [http-nio-8201-exec-3] o.s.web.servlet.DispatcherServlet        : Completed 200 OK
2023-07-07 20:24:11.959 DEBUG 46230 --- [http-nio-8201-exec-4] o.s.web.servlet.DispatcherServlet        : Completed 200 OK
2023-07-07 20:24:12.026 DEBUG 46230 --- [http-nio-8201-exec-5] o.s.web.servlet.DispatcherServlet        : GET "/webjars/js/chunk-vendors.9a4add2b.js", parameters={}
2023-07-07 20:24:12.027 DEBUG 46230 --- [http-nio-8201-exec-5] o.s.w.s.handler.SimpleUrlHandlerMapping  : Mapped to ResourceHttpRequestHandler ["classpath:/META-INF/resources/webjars/"]
2023-07-07 20:24:12.070 DEBUG 46230 --- [http-nio-8201-exec-5] o.s.web.servlet.DispatcherServlet        : Completed 200 OK
2023-07-07 20:24:12.653 DEBUG 46230 --- [http-nio-8201-exec-6] o.s.web.servlet.DispatcherServlet        : GET "/webjars/css/chunk-62d2fe18.8274cf04.css", parameters={}
2023-07-07 20:24:12.658 DEBUG 46230 --- [http-nio-8201-exec-6] o.s.w.s.handler.SimpleUrlHandlerMapping  : Mapped to ResourceHttpRequestHandler ["classpath:/META-INF/resources/webjars/"]
2023-07-07 20:24:12.664 DEBUG 46230 --- [http-nio-8201-exec-6] o.s.web.servlet.DispatcherServlet        : Completed 200 OK
2023-07-07 20:24:12.722 DEBUG 46230 --- [http-nio-8201-exec-7] o.s.web.servlet.DispatcherServlet        : GET "/webjars/js/chunk-0c58d94d.d009b662.js", parameters={}
2023-07-07 20:24:12.724 DEBUG 46230 --- [http-nio-8201-exec-7] o.s.w.s.handler.SimpleUrlHandlerMapping  : Mapped to ResourceHttpRequestHandler ["classpath:/META-INF/resources/webjars/"]
2023-07-07 20:24:12.739 DEBUG 46230 --- [http-nio-8201-exec-7] o.s.web.servlet.DispatcherServlet        : Completed 200 OK
2023-07-07 20:24:12.750 DEBUG 46230 --- [http-nio-8201-exec-8] o.s.web.servlet.DispatcherServlet        : GET "/webjars/js/chunk-0fd67716.d57e2c41.js", parameters={}
2023-07-07 20:24:12.752 DEBUG 46230 --- [http-nio-8201-exec-8] o.s.w.s.handler.SimpleUrlHandlerMapping  : Mapped to ResourceHttpRequestHandler ["classpath:/META-INF/resources/webjars/"]
2023-07-07 20:24:12.760 DEBUG 46230 --- [http-nio-8201-exec-8] o.s.web.servlet.DispatcherServlet        : Completed 200 OK
2023-07-07 20:24:13.035 DEBUG 46230 --- [http-nio-8201-exec-9] o.s.web.servlet.DispatcherServlet        : GET "/webjars/js/chunk-214218f0.92c7a521.js", parameters={}
2023-07-07 20:24:13.036 DEBUG 46230 --- [http-nio-8201-exec-10] o.s.web.servlet.DispatcherServlet        : GET "/webjars/js/chunk-2d0af44e.c09671a4.js", parameters={}
2023-07-07 20:24:13.037 DEBUG 46230 --- [http-nio-8201-exec-9] o.s.w.s.handler.SimpleUrlHandlerMapping  : Mapped to ResourceHttpRequestHandler ["classpath:/META-INF/resources/webjars/"]
2023-07-07 20:24:13.037 DEBUG 46230 --- [http-nio-8201-exec-1] o.s.web.servlet.DispatcherServlet        : GET "/webjars/js/chunk-2d0bd799.5bb1a14e.js", parameters={}
2023-07-07 20:24:13.037 DEBUG 46230 --- [http-nio-8201-exec-10] o.s.w.s.handler.SimpleUrlHandlerMapping  : Mapped to ResourceHttpRequestHandler ["classpath:/META-INF/resources/webjars/"]
2023-07-07 20:24:13.038 DEBUG 46230 --- [http-nio-8201-exec-1] o.s.w.s.handler.SimpleUrlHandlerMapping  : Mapped to ResourceHttpRequestHandler ["classpath:/META-INF/resources/webjars/"]
2023-07-07 20:24:13.041 DEBUG 46230 --- [http-nio-8201-exec-10] o.s.web.servlet.DispatcherServlet        : Completed 200 OK
2023-07-07 20:24:13.043 DEBUG 46230 --- [http-nio-8201-exec-1] o.s.web.servlet.DispatcherServlet        : Completed 200 OK
2023-07-07 20:24:13.045 DEBUG 46230 --- [http-nio-8201-exec-9] o.s.web.servlet.DispatcherServlet        : Completed 200 OK
2023-07-07 20:24:13.054 DEBUG 46230 --- [http-nio-8201-exec-2] o.s.web.servlet.DispatcherServlet        : GET "/doc.html", parameters={}
2023-07-07 20:24:13.055 DEBUG 46230 --- [http-nio-8201-exec-2] o.s.w.s.handler.SimpleUrlHandlerMapping  : Mapped to ResourceHttpRequestHandler ["classpath:/META-INF/resources/", "classpath:/resources/", "classpath:/static/", "classpath:/public/", "/"]
2023-07-07 20:24:13.059 DEBUG 46230 --- [http-nio-8201-exec-2] o.s.web.servlet.DispatcherServlet        : Completed 200 OK
2023-07-07 20:24:13.066 DEBUG 46230 --- [http-nio-8201-exec-3] o.s.web.servlet.DispatcherServlet        : GET "/webjars/js/chunk-2d0d0b98.4693c46e.js", parameters={}
2023-07-07 20:24:13.066 DEBUG 46230 --- [http-nio-8201-exec-4] o.s.web.servlet.DispatcherServlet        : GET "/webjars/js/chunk-2d0da532.a47fb5c8.js", parameters={}
2023-07-07 20:24:13.069 DEBUG 46230 --- [http-nio-8201-exec-5] o.s.web.servlet.DispatcherServlet        : GET "/webjars/js/chunk-2d22269d.fc57b306.js", parameters={}
2023-07-07 20:24:13.091 DEBUG 46230 --- [http-nio-8201-exec-3] o.s.w.s.handler.SimpleUrlHandlerMapping  : Mapped to ResourceHttpRequestHandler ["classpath:/META-INF/resources/webjars/"]
2023-07-07 20:24:13.091 DEBUG 46230 --- [http-nio-8201-exec-5] o.s.w.s.handler.SimpleUrlHandlerMapping  : Mapped to ResourceHttpRequestHandler ["classpath:/META-INF/resources/webjars/"]
2023-07-07 20:24:13.092 DEBUG 46230 --- [http-nio-8201-exec-4] o.s.w.s.handler.SimpleUrlHandlerMapping  : Mapped to ResourceHttpRequestHandler ["classpath:/META-INF/resources/webjars/"]
2023-07-07 20:24:13.098 DEBUG 46230 --- [http-nio-8201-exec-3] o.s.web.servlet.DispatcherServlet        : Completed 200 OK
2023-07-07 20:24:13.098 DEBUG 46230 --- [http-nio-8201-exec-4] o.s.web.servlet.DispatcherServlet        : Completed 200 OK
2023-07-07 20:24:13.098 DEBUG 46230 --- [http-nio-8201-exec-5] o.s.web.servlet.DispatcherServlet        : Completed 200 OK
2023-07-07 20:24:13.117 DEBUG 46230 --- [http-nio-8201-exec-6] o.s.web.servlet.DispatcherServlet        : GET "/webjars/js/chunk-3b888a65.8737ce4f.js", parameters={}
2023-07-07 20:24:13.118 DEBUG 46230 --- [http-nio-8201-exec-7] o.s.web.servlet.DispatcherServlet        : GET "/webjars/js/chunk-589faee0.1cf66f6d.js", parameters={}
2023-07-07 20:24:13.118 DEBUG 46230 --- [http-nio-8201-exec-8] o.s.web.servlet.DispatcherServlet        : GET "/webjars/js/chunk-62d2fe18.64c34be0.js", parameters={}
2023-07-07 20:24:13.118 DEBUG 46230 --- [http-nio-8201-exec-6] o.s.w.s.handler.SimpleUrlHandlerMapping  : Mapped to ResourceHttpRequestHandler ["classpath:/META-INF/resources/webjars/"]
2023-07-07 20:24:13.119 DEBUG 46230 --- [http-nio-8201-exec-8] o.s.w.s.handler.SimpleUrlHandlerMapping  : Mapped to ResourceHttpRequestHandler ["classpath:/META-INF/resources/webjars/"]
2023-07-07 20:24:13.119 DEBUG 46230 --- [http-nio-8201-exec-7] o.s.w.s.handler.SimpleUrlHandlerMapping  : Mapped to ResourceHttpRequestHandler ["classpath:/META-INF/resources/webjars/"]
2023-07-07 20:24:13.123 DEBUG 46230 --- [http-nio-8201-exec-6] o.s.web.servlet.DispatcherServlet        : Completed 200 OK
2023-07-07 20:24:13.125 DEBUG 46230 --- [http-nio-8201-exec-8] o.s.web.servlet.DispatcherServlet        : Completed 200 OK
2023-07-07 20:24:13.125 DEBUG 46230 --- [http-nio-8201-exec-7] o.s.web.servlet.DispatcherServlet        : Completed 200 OK
2023-07-07 20:24:13.140 DEBUG 46230 --- [http-nio-8201-exec-7] o.s.web.servlet.DispatcherServlet        : GET "/webjars/js/chunk-adb9e944.e09637fc.js", parameters={}
2023-07-07 20:24:13.140 DEBUG 46230 --- [http-nio-8201-exec-6] o.s.web.servlet.DispatcherServlet        : GET "/webjars/js/chunk-735c675c.be4e3cfe.js", parameters={}
2023-07-07 20:24:13.142 DEBUG 46230 --- [http-nio-8201-exec-7] o.s.w.s.handler.SimpleUrlHandlerMapping  : Mapped to ResourceHttpRequestHandler ["classpath:/META-INF/resources/webjars/"]
2023-07-07 20:24:13.142 DEBUG 46230 --- [http-nio-8201-exec-6] o.s.w.s.handler.SimpleUrlHandlerMapping  : Mapped to ResourceHttpRequestHandler ["classpath:/META-INF/resources/webjars/"]
2023-07-07 20:24:13.146 DEBUG 46230 --- [http-nio-8201-exec-10] o.s.web.servlet.DispatcherServlet        : GET "/swagger-resources", parameters={}
2023-07-07 20:24:13.148 DEBUG 46230 --- [http-nio-8201-exec-7] o.s.web.servlet.DispatcherServlet        : Completed 200 OK
2023-07-07 20:24:13.149 DEBUG 46230 --- [http-nio-8201-exec-10] s.w.s.m.m.a.RequestMappingHandlerMapping : Mapped to springfox.documentation.swagger.web.ApiResourceController#swaggerResources()
2023-07-07 20:24:13.155 DEBUG 46230 --- [http-nio-8201-exec-6] o.s.web.servlet.DispatcherServlet        : Completed 200 OK
2023-07-07 20:24:13.198 DEBUG 46230 --- [http-nio-8201-exec-10] o.s.w.s.m.m.a.HttpEntityMethodProcessor  : Using 'application/json', given [application/json, text/plain, */*] and supported [application/json, application/*+json, application/json, application/*+json]
2023-07-07 20:24:13.199 DEBUG 46230 --- [http-nio-8201-exec-10] o.s.w.s.m.m.a.HttpEntityMethodProcessor  : Writing [[springfox.documentation.swagger.web.SwaggerResource@63687626, springfox.documentation.swagger.web.S (truncated)...]
2023-07-07 20:24:13.284 DEBUG 46230 --- [http-nio-8201-exec-10] o.s.web.servlet.DispatcherServlet        : Completed 200 OK
2023-07-07 20:24:13.291 DEBUG 46230 --- [http-nio-8201-exec-1] o.s.web.servlet.DispatcherServlet        : GET "/v2/api-docs?group=adminApi", parameters={masked}
2023-07-07 20:24:13.380 DEBUG 46230 --- [http-nio-8201-exec-1] o.s.w.s.m.m.a.HttpEntityMethodProcessor  : Using 'application/json', given [application/json, text/plain, */*] and supported [application/json, application/*+json, application/json, application/*+json]
2023-07-07 20:24:13.380 DEBUG 46230 --- [http-nio-8201-exec-1] o.s.w.s.m.m.a.HttpEntityMethodProcessor  : Writing [springfox.documentation.spring.web.json.Json@6340bec4]
2023-07-07 20:24:13.381 DEBUG 46230 --- [http-nio-8201-exec-1] o.s.web.servlet.DispatcherServlet        : Completed 200 OK
2023-07-07 20:26:28.814  INFO 46230 --- [SpringContextShutdownHook] o.s.s.concurrent.ThreadPoolTaskExecutor  : Shutting down ExecutorService 'applicationTaskExecutor'
2023-07-07 20:26:38.908  INFO 46293 --- [restartedMain] o.wjy.gameforu.ServiceAdminApplication   : Starting ServiceAdminApplication on MacBook-Pro.local with PID 46293 (/Users/wjy/dev/IdeaProjects/wjy-gameforu/service/service-admin/target/classes started by wjy in /Users/wjy/dev/IdeaProjects/wjy-gameforu)
2023-07-07 20:26:38.910  INFO 46293 --- [restartedMain] o.wjy.gameforu.ServiceAdminApplication   : The following profiles are active: dev
2023-07-07 20:26:38.957  INFO 46293 --- [restartedMain] .e.DevToolsPropertyDefaultsPostProcessor : Devtools property defaults active! Set 'spring.devtools.add-properties' to 'false' to disable
2023-07-07 20:26:38.957  INFO 46293 --- [restartedMain] .e.DevToolsPropertyDefaultsPostProcessor : For additional web related logging consider setting the 'logging.level.web' property to 'DEBUG'
2023-07-07 20:26:40.113  INFO 46293 --- [restartedMain] .s.d.r.c.RepositoryConfigurationDelegate : Multiple Spring Data modules found, entering strict repository configuration mode!
2023-07-07 20:26:40.117  INFO 46293 --- [restartedMain] .s.d.r.c.RepositoryConfigurationDelegate : Bootstrapping Spring Data Redis repositories in DEFAULT mode.
2023-07-07 20:26:40.164  INFO 46293 --- [restartedMain] .s.d.r.c.RepositoryConfigurationDelegate : Finished Spring Data repository scanning in 25ms. Found 0 Redis repository interfaces.
2023-07-07 20:26:40.643  INFO 46293 --- [restartedMain] trationDelegate$BeanPostProcessorChecker : Bean 'spring.cloud.sentinel-com.alibaba.cloud.sentinel.SentinelProperties' of type [com.alibaba.cloud.sentinel.SentinelProperties] is not eligible for getting processed by all BeanPostProcessors (for example: not eligible for auto-proxying)
2023-07-07 20:26:40.646  INFO 46293 --- [restartedMain] trationDelegate$BeanPostProcessorChecker : Bean 'com.alibaba.cloud.sentinel.custom.SentinelAutoConfiguration' of type [com.alibaba.cloud.sentinel.custom.SentinelAutoConfiguration] is not eligible for getting processed by all BeanPostProcessors (for example: not eligible for auto-proxying)
2023-07-07 20:26:40.936  INFO 46293 --- [restartedMain] o.s.b.w.embedded.tomcat.TomcatWebServer  : Tomcat initialized with port(s): 8201 (http)
2023-07-07 20:26:40.948  INFO 46293 --- [restartedMain] o.apache.catalina.core.StandardService   : Starting service [Tomcat]
2023-07-07 20:26:40.949  INFO 46293 --- [restartedMain] org.apache.catalina.core.StandardEngine  : Starting Servlet engine: [Apache Tomcat/9.0.39]
2023-07-07 20:26:41.025  INFO 46293 --- [restartedMain] o.a.c.c.C.[Tomcat].[localhost].[/]       : Initializing Spring embedded WebApplicationContext
2023-07-07 20:26:41.026  INFO 46293 --- [restartedMain] w.s.c.ServletWebServerApplicationContext : Root WebApplicationContext: initialization completed in 2068 ms
2023-07-07 20:26:41.494  INFO 46293 --- [restartedMain] o.s.s.concurrent.ThreadPoolTaskExecutor  : Initializing ExecutorService 'applicationTaskExecutor'
2023-07-07 20:26:42.124  INFO 46293 --- [restartedMain] c.a.c.s.SentinelWebAutoConfiguration     : [Sentinel Starter] register SentinelWebInterceptor with urlPatterns: [/**].
2023-07-07 20:26:42.160 DEBUG 46293 --- [restartedMain] s.w.s.m.m.a.RequestMappingHandlerMapping : 14 mappings in 'requestMappingHandlerMapping'
2023-07-07 20:26:42.224  INFO 46293 --- [restartedMain] pertySourcedRequestMappingHandlerMapping : Mapped URL path [/v2/api-docs] onto method [springfox.documentation.swagger2.web.Swagger2ControllerWebMvc#getDocumentation(String, HttpServletRequest)]
2023-07-07 20:26:42.371  INFO 46293 --- [restartedMain] o.s.b.d.a.OptionalLiveReloadServer       : LiveReload server is running on port 35729
2023-07-07 20:26:42.378 DEBUG 46293 --- [restartedMain] s.w.s.m.m.a.RequestMappingHandlerAdapter : ControllerAdvice beans: 0 @ModelAttribute, 0 @InitBinder, 1 RequestBodyAdvice, 1 ResponseBodyAdvice
2023-07-07 20:26:42.425 DEBUG 46293 --- [restartedMain] o.s.w.s.handler.SimpleUrlHandlerMapping  : Patterns [/webjars/**, /**] in 'resourceHandlerMapping'
2023-07-07 20:26:42.435 DEBUG 46293 --- [restartedMain] .m.m.a.ExceptionHandlerExceptionResolver : ControllerAdvice beans: 1 @ExceptionHandler, 1 ResponseBodyAdvice
2023-07-07 20:26:42.980  INFO 46293 --- [restartedMain] o.s.b.w.embedded.tomcat.TomcatWebServer  : Tomcat started on port(s): 8201 (http) with context path ''
2023-07-07 20:26:42.983  INFO 46293 --- [restartedMain] d.s.w.p.DocumentationPluginsBootstrapper : Documentation plugins bootstrapped
2023-07-07 20:26:42.985  INFO 46293 --- [restartedMain] d.s.w.p.DocumentationPluginsBootstrapper : Found 2 custom documentation plugin(s)
2023-07-07 20:26:43.009  INFO 46293 --- [restartedMain] s.d.s.w.s.ApiListingReferenceScanner     : Scanning for api listing references
2023-07-07 20:26:43.129  INFO 46293 --- [restartedMain] s.d.s.w.s.ApiListingReferenceScanner     : Scanning for api listing references
2023-07-07 20:26:43.139  INFO 46293 --- [restartedMain] o.wjy.gameforu.ServiceAdminApplication   : Started ServiceAdminApplication in 4.7 seconds (JVM running for 10.366)
2023-07-07 20:33:07.363  INFO 46293 --- [http-nio-8201-exec-1] o.a.c.c.C.[Tomcat].[localhost].[/]       : Initializing Spring DispatcherServlet 'dispatcherServlet'
2023-07-07 20:33:07.365  INFO 46293 --- [http-nio-8201-exec-1] o.s.web.servlet.DispatcherServlet        : Initializing Servlet 'dispatcherServlet'
2023-07-07 20:33:07.366 DEBUG 46293 --- [http-nio-8201-exec-1] o.s.web.servlet.DispatcherServlet        : Detected StandardServletMultipartResolver
2023-07-07 20:33:07.385 DEBUG 46293 --- [http-nio-8201-exec-1] o.s.web.servlet.DispatcherServlet        : enableLoggingRequestDetails='false': request parameters and headers will be masked to prevent unsafe logging of potentially sensitive data
2023-07-07 20:33:07.385  INFO 46293 --- [http-nio-8201-exec-1] o.s.web.servlet.DispatcherServlet        : Completed initialization in 20 ms
2023-07-07 20:33:07.400 DEBUG 46293 --- [http-nio-8201-exec-1] o.s.web.servlet.DispatcherServlet        : GET "/doc.html", parameters={}
2023-07-07 20:33:07.414 DEBUG 46293 --- [http-nio-8201-exec-1] o.s.w.s.handler.SimpleUrlHandlerMapping  : Mapped to ResourceHttpRequestHandler ["classpath:/META-INF/resources/", "classpath:/resources/", "classpath:/static/", "classpath:/public/", "/"]
2023-07-07 20:33:12.607 DEBUG 46293 --- [http-nio-8201-exec-1] o.s.web.servlet.DispatcherServlet        : Completed 200 OK
2023-07-07 20:33:12.745 DEBUG 46293 --- [http-nio-8201-exec-2] o.s.web.servlet.DispatcherServlet        : GET "/webjars/css/app.ff80f646.css", parameters={}
2023-07-07 20:33:12.747 DEBUG 46293 --- [http-nio-8201-exec-2] o.s.w.s.handler.SimpleUrlHandlerMapping  : Mapped to ResourceHttpRequestHandler ["classpath:/META-INF/resources/webjars/"]
2023-07-07 20:33:12.757 DEBUG 46293 --- [http-nio-8201-exec-5] o.s.web.servlet.DispatcherServlet        : GET "/webjars/js/chunk-vendors.9a4add2b.js", parameters={}
2023-07-07 20:33:12.757 DEBUG 46293 --- [http-nio-8201-exec-4] o.s.web.servlet.DispatcherServlet        : GET "/webjars/js/app.0f2f48b5.js", parameters={}
2023-07-07 20:33:12.757 DEBUG 46293 --- [http-nio-8201-exec-3] o.s.web.servlet.DispatcherServlet        : GET "/webjars/css/chunk-vendors.7c767628.css", parameters={}
2023-07-07 20:33:12.758 DEBUG 46293 --- [http-nio-8201-exec-3] o.s.w.s.handler.SimpleUrlHandlerMapping  : Mapped to ResourceHttpRequestHandler ["classpath:/META-INF/resources/webjars/"]
2023-07-07 20:33:12.758 DEBUG 46293 --- [http-nio-8201-exec-5] o.s.w.s.handler.SimpleUrlHandlerMapping  : Mapped to ResourceHttpRequestHandler ["classpath:/META-INF/resources/webjars/"]
2023-07-07 20:33:12.758 DEBUG 46293 --- [http-nio-8201-exec-4] o.s.w.s.handler.SimpleUrlHandlerMapping  : Mapped to ResourceHttpRequestHandler ["classpath:/META-INF/resources/webjars/"]
2023-07-07 20:33:12.762 DEBUG 46293 --- [http-nio-8201-exec-2] o.s.web.servlet.DispatcherServlet        : Completed 200 OK
2023-07-07 20:33:12.772 DEBUG 46293 --- [http-nio-8201-exec-3] o.s.web.servlet.DispatcherServlet        : Completed 200 OK
2023-07-07 20:33:12.775 DEBUG 46293 --- [http-nio-8201-exec-4] o.s.web.servlet.DispatcherServlet        : Completed 200 OK
2023-07-07 20:33:12.778 DEBUG 46293 --- [http-nio-8201-exec-6] o.s.web.servlet.DispatcherServlet        : GET "/webjars/css/chunk-62d2fe18.8274cf04.css", parameters={}
2023-07-07 20:33:12.779 DEBUG 46293 --- [http-nio-8201-exec-6] o.s.w.s.handler.SimpleUrlHandlerMapping  : Mapped to ResourceHttpRequestHandler ["classpath:/META-INF/resources/webjars/"]
2023-07-07 20:33:12.790 DEBUG 46293 --- [http-nio-8201-exec-6] o.s.web.servlet.DispatcherServlet        : Completed 200 OK
2023-07-07 20:33:12.804 DEBUG 46293 --- [http-nio-8201-exec-7] o.s.web.servlet.DispatcherServlet        : GET "/webjars/js/chunk-0c58d94d.d009b662.js", parameters={}
2023-07-07 20:33:12.806 DEBUG 46293 --- [http-nio-8201-exec-7] o.s.w.s.handler.SimpleUrlHandlerMapping  : Mapped to ResourceHttpRequestHandler ["classpath:/META-INF/resources/webjars/"]
2023-07-07 20:33:12.812 DEBUG 46293 --- [http-nio-8201-exec-7] o.s.web.servlet.DispatcherServlet        : Completed 200 OK
2023-07-07 20:33:12.816 DEBUG 46293 --- [http-nio-8201-exec-8] o.s.web.servlet.DispatcherServlet        : GET "/webjars/js/chunk-0fd67716.d57e2c41.js", parameters={}
2023-07-07 20:33:12.816 DEBUG 46293 --- [http-nio-8201-exec-9] o.s.web.servlet.DispatcherServlet        : GET "/webjars/js/chunk-214218f0.92c7a521.js", parameters={}
2023-07-07 20:33:12.817 DEBUG 46293 --- [http-nio-8201-exec-8] o.s.w.s.handler.SimpleUrlHandlerMapping  : Mapped to ResourceHttpRequestHandler ["classpath:/META-INF/resources/webjars/"]
2023-07-07 20:33:12.818 DEBUG 46293 --- [http-nio-8201-exec-9] o.s.w.s.handler.SimpleUrlHandlerMapping  : Mapped to ResourceHttpRequestHandler ["classpath:/META-INF/resources/webjars/"]
2023-07-07 20:33:12.819 DEBUG 46293 --- [http-nio-8201-exec-10] o.s.web.servlet.DispatcherServlet        : GET "/webjars/js/chunk-2d0af44e.c09671a4.js", parameters={}
2023-07-07 20:33:12.820 DEBUG 46293 --- [http-nio-8201-exec-1] o.s.web.servlet.DispatcherServlet        : GET "/webjars/js/chunk-2d0d0b98.4693c46e.js", parameters={}
2023-07-07 20:33:12.820 DEBUG 46293 --- [http-nio-8201-exec-10] o.s.w.s.handler.SimpleUrlHandlerMapping  : Mapped to ResourceHttpRequestHandler ["classpath:/META-INF/resources/webjars/"]
2023-07-07 20:33:12.821 DEBUG 46293 --- [http-nio-8201-exec-5] o.s.web.servlet.DispatcherServlet        : Completed 200 OK
2023-07-07 20:33:12.821 DEBUG 46293 --- [http-nio-8201-exec-1] o.s.w.s.handler.SimpleUrlHandlerMapping  : Mapped to ResourceHttpRequestHandler ["classpath:/META-INF/resources/webjars/"]
2023-07-07 20:33:12.822 DEBUG 46293 --- [http-nio-8201-exec-2] o.s.web.servlet.DispatcherServlet        : GET "/webjars/js/chunk-2d0bd799.5bb1a14e.js", parameters={}
2023-07-07 20:33:12.824 DEBUG 46293 --- [http-nio-8201-exec-2] o.s.w.s.handler.SimpleUrlHandlerMapping  : Mapped to ResourceHttpRequestHandler ["classpath:/META-INF/resources/webjars/"]
2023-07-07 20:33:12.829 DEBUG 46293 --- [http-nio-8201-exec-3] o.s.web.servlet.DispatcherServlet        : GET "/webjars/js/chunk-2d0da532.a47fb5c8.js", parameters={}
2023-07-07 20:33:12.833 DEBUG 46293 --- [http-nio-8201-exec-1] o.s.web.servlet.DispatcherServlet        : Completed 200 OK
2023-07-07 20:33:12.829 DEBUG 46293 --- [http-nio-8201-exec-10] o.s.web.servlet.DispatcherServlet        : Completed 200 OK
2023-07-07 20:33:12.833 DEBUG 46293 --- [http-nio-8201-exec-8] o.s.web.servlet.DispatcherServlet        : Completed 200 OK
2023-07-07 20:33:12.833 DEBUG 46293 --- [http-nio-8201-exec-3] o.s.w.s.handler.SimpleUrlHandlerMapping  : Mapped to ResourceHttpRequestHandler ["classpath:/META-INF/resources/webjars/"]
2023-07-07 20:33:12.836 DEBUG 46293 --- [http-nio-8201-exec-2] o.s.web.servlet.DispatcherServlet        : Completed 200 OK
2023-07-07 20:33:12.836 DEBUG 46293 --- [http-nio-8201-exec-9] o.s.web.servlet.DispatcherServlet        : Completed 200 OK
2023-07-07 20:33:12.838 DEBUG 46293 --- [http-nio-8201-exec-3] o.s.web.servlet.DispatcherServlet        : Completed 200 OK
2023-07-07 20:33:12.841 DEBUG 46293 --- [http-nio-8201-exec-4] o.s.web.servlet.DispatcherServlet        : GET "/webjars/js/chunk-2d22269d.fc57b306.js", parameters={}
2023-07-07 20:33:12.842 DEBUG 46293 --- [http-nio-8201-exec-4] o.s.w.s.handler.SimpleUrlHandlerMapping  : Mapped to ResourceHttpRequestHandler ["classpath:/META-INF/resources/webjars/"]
2023-07-07 20:33:12.844 DEBUG 46293 --- [http-nio-8201-exec-6] o.s.web.servlet.DispatcherServlet        : GET "/webjars/js/chunk-3b888a65.8737ce4f.js", parameters={}
2023-07-07 20:33:12.844 DEBUG 46293 --- [http-nio-8201-exec-1] o.s.web.servlet.DispatcherServlet        : GET "/webjars/js/chunk-735c675c.be4e3cfe.js", parameters={}
2023-07-07 20:33:12.844 DEBUG 46293 --- [http-nio-8201-exec-7] o.s.web.servlet.DispatcherServlet        : GET "/webjars/js/chunk-589faee0.1cf66f6d.js", parameters={}
2023-07-07 20:33:12.844 DEBUG 46293 --- [http-nio-8201-exec-5] o.s.web.servlet.DispatcherServlet        : GET "/webjars/js/chunk-62d2fe18.64c34be0.js", parameters={}
2023-07-07 20:33:12.844 DEBUG 46293 --- [http-nio-8201-exec-10] o.s.web.servlet.DispatcherServlet        : GET "/webjars/js/chunk-adb9e944.e09637fc.js", parameters={}
2023-07-07 20:33:12.845 DEBUG 46293 --- [http-nio-8201-exec-5] o.s.w.s.handler.SimpleUrlHandlerMapping  : Mapped to ResourceHttpRequestHandler ["classpath:/META-INF/resources/webjars/"]
2023-07-07 20:33:12.845 DEBUG 46293 --- [http-nio-8201-exec-1] o.s.w.s.handler.SimpleUrlHandlerMapping  : Mapped to ResourceHttpRequestHandler ["classpath:/META-INF/resources/webjars/"]
2023-07-07 20:33:12.845 DEBUG 46293 --- [http-nio-8201-exec-6] o.s.w.s.handler.SimpleUrlHandlerMapping  : Mapped to ResourceHttpRequestHandler ["classpath:/META-INF/resources/webjars/"]
2023-07-07 20:33:12.845 DEBUG 46293 --- [http-nio-8201-exec-10] o.s.w.s.handler.SimpleUrlHandlerMapping  : Mapped to ResourceHttpRequestHandler ["classpath:/META-INF/resources/webjars/"]
2023-07-07 20:33:12.847 DEBUG 46293 --- [http-nio-8201-exec-4] o.s.web.servlet.DispatcherServlet        : Completed 200 OK
2023-07-07 20:33:12.847 DEBUG 46293 --- [http-nio-8201-exec-7] o.s.w.s.handler.SimpleUrlHandlerMapping  : Mapped to ResourceHttpRequestHandler ["classpath:/META-INF/resources/webjars/"]
2023-07-07 20:33:12.849 DEBUG 46293 --- [http-nio-8201-exec-5] o.s.web.servlet.DispatcherServlet        : Completed 200 OK
2023-07-07 20:33:12.851 DEBUG 46293 --- [http-nio-8201-exec-6] o.s.web.servlet.DispatcherServlet        : Completed 200 OK
2023-07-07 20:33:12.853 DEBUG 46293 --- [http-nio-8201-exec-10] o.s.web.servlet.DispatcherServlet        : Completed 200 OK
2023-07-07 20:33:12.855 DEBUG 46293 --- [http-nio-8201-exec-7] o.s.web.servlet.DispatcherServlet        : Completed 200 OK
2023-07-07 20:33:12.858 DEBUG 46293 --- [http-nio-8201-exec-1] o.s.web.servlet.DispatcherServlet        : Completed 200 OK
2023-07-07 20:33:13.155 DEBUG 46293 --- [http-nio-8201-exec-8] o.s.web.servlet.DispatcherServlet        : GET "/swagger-resources", parameters={}
2023-07-07 20:33:13.158 DEBUG 46293 --- [http-nio-8201-exec-8] s.w.s.m.m.a.RequestMappingHandlerMapping : Mapped to springfox.documentation.swagger.web.ApiResourceController#swaggerResources()
2023-07-07 20:33:13.192 DEBUG 46293 --- [http-nio-8201-exec-8] o.s.w.s.m.m.a.HttpEntityMethodProcessor  : Using 'application/json', given [application/json, text/plain, */*] and supported [application/json, application/*+json, application/json, application/*+json]
2023-07-07 20:33:13.193 DEBUG 46293 --- [http-nio-8201-exec-8] o.s.w.s.m.m.a.HttpEntityMethodProcessor  : Writing [[springfox.documentation.swagger.web.SwaggerResource@3ff21218, springfox.documentation.swagger.web.S (truncated)...]
2023-07-07 20:33:13.224 DEBUG 46293 --- [http-nio-8201-exec-8] o.s.web.servlet.DispatcherServlet        : Completed 200 OK
2023-07-07 20:33:13.229 DEBUG 46293 --- [http-nio-8201-exec-2] o.s.web.servlet.DispatcherServlet        : GET "/v2/api-docs?group=adminApi", parameters={masked}
2023-07-07 20:33:13.344 DEBUG 46293 --- [http-nio-8201-exec-2] o.s.w.s.m.m.a.HttpEntityMethodProcessor  : Using 'application/json', given [application/json, text/plain, */*] and supported [application/json, application/*+json, application/json, application/*+json]
2023-07-07 20:33:13.344 DEBUG 46293 --- [http-nio-8201-exec-2] o.s.w.s.m.m.a.HttpEntityMethodProcessor  : Writing [springfox.documentation.spring.web.json.Json@46ad1a72]
2023-07-07 20:33:13.345 DEBUG 46293 --- [http-nio-8201-exec-2] o.s.web.servlet.DispatcherServlet        : Completed 200 OK
2023-07-07 20:33:13.486 DEBUG 46293 --- [http-nio-8201-exec-9] o.s.web.servlet.DispatcherServlet        : GET "/doc.html", parameters={}
2023-07-07 20:33:13.493 DEBUG 46293 --- [http-nio-8201-exec-9] o.s.w.s.handler.SimpleUrlHandlerMapping  : Mapped to ResourceHttpRequestHandler ["classpath:/META-INF/resources/", "classpath:/resources/", "classpath:/static/", "classpath:/public/", "/"]
2023-07-07 20:33:13.497 DEBUG 46293 --- [http-nio-8201-exec-9] o.s.web.servlet.DispatcherServlet        : Completed 200 OK
2023-07-07 20:33:57.987 DEBUG 46293 --- [http-nio-8201-exec-3] o.s.web.servlet.DispatcherServlet        : GET "/webjars/js/chunk-62d2fe18.64c34be0.js", parameters={}
2023-07-07 20:33:57.987 DEBUG 46293 --- [http-nio-8201-exec-4] o.s.web.servlet.DispatcherServlet        : GET "/webjars/css/chunk-62d2fe18.8274cf04.css", parameters={}
2023-07-07 20:33:57.988 DEBUG 46293 --- [http-nio-8201-exec-6] o.s.web.servlet.DispatcherServlet        : GET "/webjars/js/chunk-adb9e944.e09637fc.js", parameters={}
2023-07-07 20:33:57.988 DEBUG 46293 --- [http-nio-8201-exec-4] o.s.w.s.handler.SimpleUrlHandlerMapping  : Mapped to ResourceHttpRequestHandler ["classpath:/META-INF/resources/webjars/"]
2023-07-07 20:33:57.988 DEBUG 46293 --- [http-nio-8201-exec-3] o.s.w.s.handler.SimpleUrlHandlerMapping  : Mapped to ResourceHttpRequestHandler ["classpath:/META-INF/resources/webjars/"]
2023-07-07 20:33:57.988 DEBUG 46293 --- [http-nio-8201-exec-5] o.s.web.servlet.DispatcherServlet        : GET "/webjars/js/chunk-0c58d94d.d009b662.js", parameters={}
2023-07-07 20:33:57.989 DEBUG 46293 --- [http-nio-8201-exec-6] o.s.w.s.handler.SimpleUrlHandlerMapping  : Mapped to ResourceHttpRequestHandler ["classpath:/META-INF/resources/webjars/"]
2023-07-07 20:33:57.989 DEBUG 46293 --- [http-nio-8201-exec-5] o.s.w.s.handler.SimpleUrlHandlerMapping  : Mapped to ResourceHttpRequestHandler ["classpath:/META-INF/resources/webjars/"]
2023-07-07 20:33:57.997 DEBUG 46293 --- [http-nio-8201-exec-4] o.s.web.servlet.DispatcherServlet        : Completed 200 OK
2023-07-07 20:33:57.997 DEBUG 46293 --- [http-nio-8201-exec-6] o.s.web.servlet.DispatcherServlet        : Completed 200 OK
2023-07-07 20:33:57.999 DEBUG 46293 --- [http-nio-8201-exec-5] o.s.web.servlet.DispatcherServlet        : Completed 200 OK
2023-07-07 20:33:58.003 DEBUG 46293 --- [http-nio-8201-exec-3] o.s.web.servlet.DispatcherServlet        : Completed 200 OK
2023-07-07 20:33:58.088 DEBUG 46293 --- [http-nio-8201-exec-10] o.s.web.servlet.DispatcherServlet        : GET "/webjars/js/chunk-3b888a65.8737ce4f.js", parameters={}
2023-07-07 20:33:58.088 DEBUG 46293 --- [http-nio-8201-exec-7] o.s.web.servlet.DispatcherServlet        : GET "/webjars/js/chunk-214218f0.92c7a521.js", parameters={}
2023-07-07 20:33:58.088 DEBUG 46293 --- [http-nio-8201-exec-1] o.s.web.servlet.DispatcherServlet        : GET "/webjars/js/chunk-2d0af44e.c09671a4.js", parameters={}
2023-07-07 20:33:58.089 DEBUG 46293 --- [http-nio-8201-exec-10] o.s.w.s.handler.SimpleUrlHandlerMapping  : Mapped to ResourceHttpRequestHandler ["classpath:/META-INF/resources/webjars/"]
2023-07-07 20:33:58.089 DEBUG 46293 --- [http-nio-8201-exec-1] o.s.w.s.handler.SimpleUrlHandlerMapping  : Mapped to ResourceHttpRequestHandler ["classpath:/META-INF/resources/webjars/"]
2023-07-07 20:33:58.089 DEBUG 46293 --- [http-nio-8201-exec-7] o.s.w.s.handler.SimpleUrlHandlerMapping  : Mapped to ResourceHttpRequestHandler ["classpath:/META-INF/resources/webjars/"]
2023-07-07 20:33:58.092 DEBUG 46293 --- [http-nio-8201-exec-1] o.s.web.servlet.DispatcherServlet        : Completed 200 OK
2023-07-07 20:33:58.092 DEBUG 46293 --- [http-nio-8201-exec-10] o.s.web.servlet.DispatcherServlet        : Completed 200 OK
2023-07-07 20:33:58.093 DEBUG 46293 --- [http-nio-8201-exec-7] o.s.web.servlet.DispatcherServlet        : Completed 200 OK
2023-07-07 20:33:58.124 DEBUG 46293 --- [http-nio-8201-exec-8] o.s.web.servlet.DispatcherServlet        : GET "/webjars/js/chunk-2d0bd799.5bb1a14e.js", parameters={}
2023-07-07 20:33:58.125 DEBUG 46293 --- [http-nio-8201-exec-8] o.s.w.s.handler.SimpleUrlHandlerMapping  : Mapped to ResourceHttpRequestHandler ["classpath:/META-INF/resources/webjars/"]
2023-07-07 20:33:58.130 DEBUG 46293 --- [http-nio-8201-exec-8] o.s.web.servlet.DispatcherServlet        : Completed 200 OK
2023-07-07 20:34:05.307 DEBUG 46293 --- [http-nio-8201-exec-9] o.s.web.servlet.DispatcherServlet        : GET "/webjars/js/chunk-589faee0.1cf66f6d.js", parameters={}
2023-07-07 20:34:05.307 DEBUG 46293 --- [http-nio-8201-exec-2] o.s.web.servlet.DispatcherServlet        : GET "/webjars/js/chunk-0fd67716.d57e2c41.js", parameters={}
2023-07-07 20:34:05.307 DEBUG 46293 --- [http-nio-8201-exec-4] o.s.web.servlet.DispatcherServlet        : GET "/webjars/js/chunk-2d22269d.fc57b306.js", parameters={}
2023-07-07 20:34:05.308 DEBUG 46293 --- [http-nio-8201-exec-2] o.s.w.s.handler.SimpleUrlHandlerMapping  : Mapped to ResourceHttpRequestHandler ["classpath:/META-INF/resources/webjars/"]
2023-07-07 20:34:05.308 DEBUG 46293 --- [http-nio-8201-exec-9] o.s.w.s.handler.SimpleUrlHandlerMapping  : Mapped to ResourceHttpRequestHandler ["classpath:/META-INF/resources/webjars/"]
2023-07-07 20:34:05.308 DEBUG 46293 --- [http-nio-8201-exec-4] o.s.w.s.handler.SimpleUrlHandlerMapping  : Mapped to ResourceHttpRequestHandler ["classpath:/META-INF/resources/webjars/"]
2023-07-07 20:34:05.313 DEBUG 46293 --- [http-nio-8201-exec-4] o.s.web.servlet.DispatcherServlet        : Completed 200 OK
2023-07-07 20:34:05.313 DEBUG 46293 --- [http-nio-8201-exec-9] o.s.web.servlet.DispatcherServlet        : Completed 200 OK
2023-07-07 20:34:05.317 DEBUG 46293 --- [http-nio-8201-exec-2] o.s.web.servlet.DispatcherServlet        : Completed 200 OK
2023-07-07 20:34:05.382 DEBUG 46293 --- [http-nio-8201-exec-6] o.s.web.servlet.DispatcherServlet        : GET "/webjars/js/chunk-735c675c.be4e3cfe.js", parameters={}
2023-07-07 20:34:05.383 DEBUG 46293 --- [http-nio-8201-exec-6] o.s.w.s.handler.SimpleUrlHandlerMapping  : Mapped to ResourceHttpRequestHandler ["classpath:/META-INF/resources/webjars/"]
2023-07-07 20:34:05.391 DEBUG 46293 --- [http-nio-8201-exec-6] o.s.web.servlet.DispatcherServlet        : Completed 200 OK
2023-07-07 20:34:48.018 DEBUG 46293 --- [http-nio-8201-exec-10] o.s.web.servlet.DispatcherServlet        : POST "/admin/game/add", parameters={}
2023-07-07 20:34:48.019 DEBUG 46293 --- [http-nio-8201-exec-10] s.w.s.m.m.a.RequestMappingHandlerMapping : Mapped to org.wjy.gameforu.admin2.controller.GameController#add(Game)
2023-07-07 20:34:48.075 DEBUG 46293 --- [http-nio-8201-exec-10] m.m.a.RequestResponseBodyMethodProcessor : Read "application/json;charset=UTF-8" to [Game(id=null, appid=null, gamename=null, developer=null, publisher=null, positive=null, negative=nul (truncated)...]
2023-07-07 20:34:48.167  INFO 46293 --- [http-nio-8201-exec-10] com.zaxxer.hikari.HikariDataSource       : HikariPool-1 - Starting...
2023-07-07 20:34:48.484  INFO 46293 --- [http-nio-8201-exec-10] com.zaxxer.hikari.HikariDataSource       : HikariPool-1 - Start completed.
2023-07-07 20:34:48.622 DEBUG 46293 --- [http-nio-8201-exec-10] .m.m.a.ExceptionHandlerExceptionResolver : Using @ExceptionHandler org.wjy.gameforu.common.exception.GlobalExceptionHandler#error(Exception)
2023-07-07 20:34:48.626 DEBUG 46293 --- [http-nio-8201-exec-10] m.m.a.RequestResponseBodyMethodProcessor : Using 'application/json', given [*/*] and supported [application/json, application/*+json, application/json, application/*+json]
2023-07-07 20:34:48.626 DEBUG 46293 --- [http-nio-8201-exec-10] m.m.a.RequestResponseBodyMethodProcessor : Writing [Result(code=201, message=fail, data=null)]
2023-07-07 20:34:48.629  WARN 46293 --- [http-nio-8201-exec-10] .m.m.a.ExceptionHandlerExceptionResolver : Resolved [org.springframework.jdbc.BadSqlGrammarException: 
### Error updating database.  Cause: java.sql.SQLSyntaxErrorException: You have an error in your SQL syntax; check the manual that corresponds to your MySQL server version for the right syntax to use near '' at line 1
### The error may exist in org/wjy/gameforu/admin2/mapper/GameMapper.java (best guess)
### The error may involve org.wjy.gameforu.admin2.mapper.GameMapper.insert-Inline
### The error occurred while setting parameters
### SQL: INSERT INTO game    VALUES
### Cause: java.sql.SQLSyntaxErrorException: You have an error in your SQL syntax; check the manual that corresponds to your MySQL server version for the right syntax to use near '' at line 1
; bad SQL grammar []; nested exception is java.sql.SQLSyntaxErrorException: You have an error in your SQL syntax; check the manual that corresponds to your MySQL server version for the right syntax to use near '' at line 1]
2023-07-07 20:34:48.629 DEBUG 46293 --- [http-nio-8201-exec-10] o.s.web.servlet.DispatcherServlet        : Completed 200 OK
2023-07-07 20:35:29.428 DEBUG 46293 --- [http-nio-8201-exec-9] o.s.web.servlet.DispatcherServlet        : POST "/admin/game/import", parameters={}
2023-07-07 20:35:29.429 DEBUG 46293 --- [http-nio-8201-exec-9] s.w.s.m.m.a.RequestMappingHandlerMapping : Mapped to org.wjy.gameforu.admin2.controller.GameController#importSteamData(Map)
2023-07-07 20:35:29.453 DEBUG 46293 --- [http-nio-8201-exec-9] m.m.a.RequestResponseBodyMethodProcessor : Read "application/json;charset=UTF-8" to [{1619450=SteamGame(appid=1619450, name=Heart of a Warrior, developer=Techworld Communication, publis (truncated)...]
2023-07-07 20:35:29.457 DEBUG 46293 --- [http-nio-8201-exec-9] m.m.a.RequestResponseBodyMethodProcessor : Using 'application/json', given [*/*] and supported [application/json, application/*+json, application/json, application/*+json]
2023-07-07 20:35:29.457 DEBUG 46293 --- [http-nio-8201-exec-9] m.m.a.RequestResponseBodyMethodProcessor : Writing [Result(code=200, message=success, data=null)]
2023-07-07 20:35:29.458 DEBUG 46293 --- [http-nio-8201-exec-9] o.s.web.servlet.DispatcherServlet        : Completed 200 OK
2023-07-07 20:39:05.830 DEBUG 46293 --- [http-nio-8201-exec-6] o.s.web.servlet.DispatcherServlet        : GET "/admin/game/1/1", parameters={}
2023-07-07 20:39:05.848 DEBUG 46293 --- [http-nio-8201-exec-6] s.w.s.m.m.a.RequestMappingHandlerMapping : Mapped to org.wjy.gameforu.admin2.controller.GameController#pageList(Integer, Integer, GameQueryVo)
2023-07-07 20:39:06.566 DEBUG 46293 --- [http-nio-8201-exec-6] m.m.a.RequestResponseBodyMethodProcessor : Using 'application/json', given [*/*] and supported [application/json, application/*+json, application/json, application/*+json]
2023-07-07 20:39:06.566 DEBUG 46293 --- [http-nio-8201-exec-6] m.m.a.RequestResponseBodyMethodProcessor : Writing [Result(code=200, message=success, data=com.baomidou.mybatisplus.extension.plugins.pagination.Page@2e (truncated)...]
2023-07-07 20:39:06.572 DEBUG 46293 --- [http-nio-8201-exec-6] o.s.web.servlet.DispatcherServlet        : Completed 200 OK
2023-07-07 20:40:24.016 DEBUG 46293 --- [http-nio-8201-exec-5] o.s.web.servlet.DispatcherServlet        : GET "/admin/game/1/10", parameters={}
2023-07-07 20:40:24.017 DEBUG 46293 --- [http-nio-8201-exec-5] s.w.s.m.m.a.RequestMappingHandlerMapping : Mapped to org.wjy.gameforu.admin2.controller.GameController#pageList(Integer, Integer, GameQueryVo)
2023-07-07 20:40:24.036 DEBUG 46293 --- [http-nio-8201-exec-5] m.m.a.RequestResponseBodyMethodProcessor : Using 'application/json', given [*/*] and supported [application/json, application/*+json, application/json, application/*+json]
2023-07-07 20:40:24.036 DEBUG 46293 --- [http-nio-8201-exec-5] m.m.a.RequestResponseBodyMethodProcessor : Writing [Result(code=200, message=success, data=com.baomidou.mybatisplus.extension.plugins.pagination.Page@7f (truncated)...]
2023-07-07 20:40:24.038 DEBUG 46293 --- [http-nio-8201-exec-5] o.s.web.servlet.DispatcherServlet        : Completed 200 OK
2023-07-07 20:43:21.585 DEBUG 46293 --- [http-nio-8201-exec-10] o.s.web.servlet.DispatcherServlet        : POST "/admin/game/add", parameters={}
2023-07-07 20:43:21.591 DEBUG 46293 --- [http-nio-8201-exec-10] s.w.s.m.m.a.RequestMappingHandlerMapping : Mapped to org.wjy.gameforu.admin2.controller.GameController#add(Game)
2023-07-07 20:43:21.597 DEBUG 46293 --- [http-nio-8201-exec-10] m.m.a.RequestResponseBodyMethodProcessor : Read "application/json;charset=UTF-8" to [Game(id=null, appid=1393960, gamename=Battle Command, developer=Ocean Software, publisher=Pixel Game (truncated)...]
2023-07-07 20:43:21.619 DEBUG 46293 --- [http-nio-8201-exec-10] m.m.a.RequestResponseBodyMethodProcessor : Using 'application/json', given [*/*] and supported [application/json, application/*+json, application/json, application/*+json]
2023-07-07 20:43:21.619 DEBUG 46293 --- [http-nio-8201-exec-10] m.m.a.RequestResponseBodyMethodProcessor : Writing [Result(code=200, message=success, data=null)]
2023-07-07 20:43:21.622 DEBUG 46293 --- [http-nio-8201-exec-10] o.s.web.servlet.DispatcherServlet        : Completed 200 OK
2023-07-07 20:43:44.271 DEBUG 46293 --- [http-nio-8201-exec-7] o.s.web.servlet.DispatcherServlet        : GET "/admin/game/1/5?gameName=Battle%20Command", parameters={masked}
2023-07-07 20:43:44.272 DEBUG 46293 --- [http-nio-8201-exec-7] s.w.s.m.m.a.RequestMappingHandlerMapping : Mapped to org.wjy.gameforu.admin2.controller.GameController#pageList(Integer, Integer, GameQueryVo)
2023-07-07 20:43:44.364 DEBUG 46293 --- [http-nio-8201-exec-7] m.m.a.RequestResponseBodyMethodProcessor : Using 'application/json', given [*/*] and supported [application/json, application/*+json, application/json, application/*+json]
2023-07-07 20:43:44.364 DEBUG 46293 --- [http-nio-8201-exec-7] m.m.a.RequestResponseBodyMethodProcessor : Writing [Result(code=200, message=success, data=com.baomidou.mybatisplus.extension.plugins.pagination.Page@ea (truncated)...]
2023-07-07 20:43:44.366 DEBUG 46293 --- [http-nio-8201-exec-7] o.s.web.servlet.DispatcherServlet        : Completed 200 OK
2023-07-07 20:43:57.994 DEBUG 46293 --- [http-nio-8201-exec-4] o.s.web.servlet.DispatcherServlet        : GET "/admin/game/get/1393960", parameters={}
2023-07-07 20:43:58.000 DEBUG 46293 --- [http-nio-8201-exec-4] s.w.s.m.m.a.RequestMappingHandlerMapping : Mapped to org.wjy.gameforu.admin2.controller.GameController#get(Integer)
2023-07-07 20:43:58.018 DEBUG 46293 --- [http-nio-8201-exec-4] m.m.a.RequestResponseBodyMethodProcessor : Using 'application/json', given [*/*] and supported [application/json, application/*+json, application/json, application/*+json]
2023-07-07 20:43:58.018 DEBUG 46293 --- [http-nio-8201-exec-4] m.m.a.RequestResponseBodyMethodProcessor : Writing [Result(code=200, message=success, data=null)]
2023-07-07 20:43:58.019 DEBUG 46293 --- [http-nio-8201-exec-4] o.s.web.servlet.DispatcherServlet        : Completed 200 OK
2023-07-07 20:44:22.024 DEBUG 46293 --- [http-nio-8201-exec-8] o.s.web.servlet.DispatcherServlet        : GET "/admin/game/get/200", parameters={}
2023-07-07 20:44:22.025 DEBUG 46293 --- [http-nio-8201-exec-8] s.w.s.m.m.a.RequestMappingHandlerMapping : Mapped to org.wjy.gameforu.admin2.controller.GameController#get(Integer)
2023-07-07 20:44:22.030 DEBUG 46293 --- [http-nio-8201-exec-8] m.m.a.RequestResponseBodyMethodProcessor : Using 'application/json', given [*/*] and supported [application/json, application/*+json, application/json, application/*+json]
2023-07-07 20:44:22.031 DEBUG 46293 --- [http-nio-8201-exec-8] m.m.a.RequestResponseBodyMethodProcessor : Writing [Result(code=200, message=success, data=null)]
2023-07-07 20:44:22.031 DEBUG 46293 --- [http-nio-8201-exec-8] o.s.web.servlet.DispatcherServlet        : Completed 200 OK
2023-07-07 20:44:26.127 DEBUG 46293 --- [http-nio-8201-exec-9] o.s.web.servlet.DispatcherServlet        : GET "/admin/game/get/200", parameters={}
2023-07-07 20:44:26.129 DEBUG 46293 --- [http-nio-8201-exec-9] s.w.s.m.m.a.RequestMappingHandlerMapping : Mapped to org.wjy.gameforu.admin2.controller.GameController#get(Integer)
2023-07-07 20:44:26.134 DEBUG 46293 --- [http-nio-8201-exec-9] m.m.a.RequestResponseBodyMethodProcessor : Using 'application/json', given [*/*] and supported [application/json, application/*+json, application/json, application/*+json]
2023-07-07 20:44:26.134 DEBUG 46293 --- [http-nio-8201-exec-9] m.m.a.RequestResponseBodyMethodProcessor : Writing [Result(code=200, message=success, data=null)]
2023-07-07 20:44:26.136 DEBUG 46293 --- [http-nio-8201-exec-9] o.s.web.servlet.DispatcherServlet        : Completed 200 OK
2023-07-07 20:44:34.328 DEBUG 46293 --- [http-nio-8201-exec-2] o.s.web.servlet.DispatcherServlet        : GET "/admin/game/get/42", parameters={}
2023-07-07 20:44:34.332 DEBUG 46293 --- [http-nio-8201-exec-2] s.w.s.m.m.a.RequestMappingHandlerMapping : Mapped to org.wjy.gameforu.admin2.controller.GameController#get(Integer)
2023-07-07 20:44:34.360 DEBUG 46293 --- [http-nio-8201-exec-2] m.m.a.RequestResponseBodyMethodProcessor : Using 'application/json', given [*/*] and supported [application/json, application/*+json, application/json, application/*+json]
2023-07-07 20:44:34.361 DEBUG 46293 --- [http-nio-8201-exec-2] m.m.a.RequestResponseBodyMethodProcessor : Writing [Result(code=200, message=success, data=Game(id=42, appid=1393960, gamename=Battle Command, developer (truncated)...]
2023-07-07 20:44:34.362 DEBUG 46293 --- [http-nio-8201-exec-2] o.s.web.servlet.DispatcherServlet        : Completed 200 OK
2023-07-07 20:44:46.927 DEBUG 46293 --- [http-nio-8201-exec-6] o.s.web.servlet.DispatcherServlet        : DELETE "/admin/game/remove/42", parameters={}
2023-07-07 20:44:46.928 DEBUG 46293 --- [http-nio-8201-exec-6] s.w.s.m.m.a.RequestMappingHandlerMapping : Mapped to org.wjy.gameforu.admin2.controller.GameController#delete(Integer)
2023-07-07 20:44:46.978 DEBUG 46293 --- [http-nio-8201-exec-6] m.m.a.RequestResponseBodyMethodProcessor : Using 'application/json', given [*/*] and supported [application/json, application/*+json, application/json, application/*+json]
2023-07-07 20:44:46.978 DEBUG 46293 --- [http-nio-8201-exec-6] m.m.a.RequestResponseBodyMethodProcessor : Writing [Result(code=200, message=success, data=null)]
2023-07-07 20:44:46.979 DEBUG 46293 --- [http-nio-8201-exec-6] o.s.web.servlet.DispatcherServlet        : Completed 200 OK
2023-07-07 20:44:52.110 DEBUG 46293 --- [http-nio-8201-exec-3] o.s.web.servlet.DispatcherServlet        : GET "/admin/game/get/42", parameters={}
2023-07-07 20:44:52.111 DEBUG 46293 --- [http-nio-8201-exec-3] s.w.s.m.m.a.RequestMappingHandlerMapping : Mapped to org.wjy.gameforu.admin2.controller.GameController#get(Integer)
2023-07-07 20:44:52.117 DEBUG 46293 --- [http-nio-8201-exec-3] m.m.a.RequestResponseBodyMethodProcessor : Using 'application/json', given [*/*] and supported [application/json, application/*+json, application/json, application/*+json]
2023-07-07 20:44:52.118 DEBUG 46293 --- [http-nio-8201-exec-3] m.m.a.RequestResponseBodyMethodProcessor : Writing [Result(code=200, message=success, data=null)]
2023-07-07 20:44:52.120 DEBUG 46293 --- [http-nio-8201-exec-3] o.s.web.servlet.DispatcherServlet        : Completed 200 OK
2023-07-07 20:44:56.100 DEBUG 46293 --- [http-nio-8201-exec-5] o.s.web.servlet.DispatcherServlet        : GET "/admin/game/get/41", parameters={}
2023-07-07 20:44:56.101 DEBUG 46293 --- [http-nio-8201-exec-5] s.w.s.m.m.a.RequestMappingHandlerMapping : Mapped to org.wjy.gameforu.admin2.controller.GameController#get(Integer)
2023-07-07 20:44:56.109 DEBUG 46293 --- [http-nio-8201-exec-5] m.m.a.RequestResponseBodyMethodProcessor : Using 'application/json', given [*/*] and supported [application/json, application/*+json, application/json, application/*+json]
2023-07-07 20:44:56.110 DEBUG 46293 --- [http-nio-8201-exec-5] m.m.a.RequestResponseBodyMethodProcessor : Writing [Result(code=200, message=success, data=Game(id=41, appid=604990, gamename=Stratside, developer=Alber (truncated)...]
2023-07-07 20:44:56.111 DEBUG 46293 --- [http-nio-8201-exec-5] o.s.web.servlet.DispatcherServlet        : Completed 200 OK
2023-07-07 20:44:59.693 DEBUG 46293 --- [http-nio-8201-exec-1] o.s.web.servlet.DispatcherServlet        : GET "/admin/game/get/40", parameters={}
2023-07-07 20:44:59.695 DEBUG 46293 --- [http-nio-8201-exec-1] s.w.s.m.m.a.RequestMappingHandlerMapping : Mapped to org.wjy.gameforu.admin2.controller.GameController#get(Integer)
2023-07-07 20:44:59.708 DEBUG 46293 --- [http-nio-8201-exec-1] m.m.a.RequestResponseBodyMethodProcessor : Using 'application/json', given [*/*] and supported [application/json, application/*+json, application/json, application/*+json]
2023-07-07 20:44:59.709 DEBUG 46293 --- [http-nio-8201-exec-1] m.m.a.RequestResponseBodyMethodProcessor : Writing [Result(code=200, message=success, data=Game(id=40, appid=1768660, gamename=Saffron Fields, developer (truncated)...]
2023-07-07 20:44:59.709 DEBUG 46293 --- [http-nio-8201-exec-1] o.s.web.servlet.DispatcherServlet        : Completed 200 OK
2023-07-07 20:45:12.983 DEBUG 46293 --- [http-nio-8201-exec-10] o.s.web.servlet.DispatcherServlet        : DELETE "/admin/game/batchRemove", parameters={}
2023-07-07 20:45:12.984 DEBUG 46293 --- [http-nio-8201-exec-10] s.w.s.m.m.a.RequestMappingHandlerMapping : Mapped to org.wjy.gameforu.admin2.controller.GameController#deletes(List)
2023-07-07 20:45:13.004 DEBUG 46293 --- [http-nio-8201-exec-10] m.m.a.RequestResponseBodyMethodProcessor : Read "application/json;charset=UTF-8" to [[40, 41]]
2023-07-07 20:45:13.022 DEBUG 46293 --- [http-nio-8201-exec-10] m.m.a.RequestResponseBodyMethodProcessor : Using 'application/json', given [*/*] and supported [application/json, application/*+json, application/json, application/*+json]
2023-07-07 20:45:13.022 DEBUG 46293 --- [http-nio-8201-exec-10] m.m.a.RequestResponseBodyMethodProcessor : Writing [Result(code=200, message=success, data=null)]
2023-07-07 20:45:13.023 DEBUG 46293 --- [http-nio-8201-exec-10] o.s.web.servlet.DispatcherServlet        : Completed 200 OK
2023-07-07 20:45:17.456 DEBUG 46293 --- [http-nio-8201-exec-7] o.s.web.servlet.DispatcherServlet        : GET "/admin/game/get/40", parameters={}
2023-07-07 20:45:17.457 DEBUG 46293 --- [http-nio-8201-exec-7] s.w.s.m.m.a.RequestMappingHandlerMapping : Mapped to org.wjy.gameforu.admin2.controller.GameController#get(Integer)
2023-07-07 20:45:17.463 DEBUG 46293 --- [http-nio-8201-exec-7] m.m.a.RequestResponseBodyMethodProcessor : Using 'application/json', given [*/*] and supported [application/json, application/*+json, application/json, application/*+json]
2023-07-07 20:45:17.463 DEBUG 46293 --- [http-nio-8201-exec-7] m.m.a.RequestResponseBodyMethodProcessor : Writing [Result(code=200, message=success, data=null)]
2023-07-07 20:45:17.464 DEBUG 46293 --- [http-nio-8201-exec-7] o.s.web.servlet.DispatcherServlet        : Completed 200 OK
2023-07-07 20:45:20.248 DEBUG 46293 --- [http-nio-8201-exec-4] o.s.web.servlet.DispatcherServlet        : GET "/admin/game/get/41", parameters={}
2023-07-07 20:45:20.248 DEBUG 46293 --- [http-nio-8201-exec-4] s.w.s.m.m.a.RequestMappingHandlerMapping : Mapped to org.wjy.gameforu.admin2.controller.GameController#get(Integer)
2023-07-07 20:45:20.254 DEBUG 46293 --- [http-nio-8201-exec-4] m.m.a.RequestResponseBodyMethodProcessor : Using 'application/json', given [*/*] and supported [application/json, application/*+json, application/json, application/*+json]
2023-07-07 20:45:20.254 DEBUG 46293 --- [http-nio-8201-exec-4] m.m.a.RequestResponseBodyMethodProcessor : Writing [Result(code=200, message=success, data=null)]
2023-07-07 20:45:20.255 DEBUG 46293 --- [http-nio-8201-exec-4] o.s.web.servlet.DispatcherServlet        : Completed 200 OK
2023-07-07 20:45:36.575 DEBUG 46293 --- [http-nio-8201-exec-8] o.s.web.servlet.DispatcherServlet        : GET "/admin/game/gamegenre/1", parameters={}
2023-07-07 20:45:36.576 DEBUG 46293 --- [http-nio-8201-exec-8] s.w.s.m.m.a.RequestMappingHandlerMapping : Mapped to org.wjy.gameforu.admin2.controller.GameController#gemeGenre(Integer)
2023-07-07 20:45:36.642 DEBUG 46293 --- [http-nio-8201-exec-8] m.m.a.RequestResponseBodyMethodProcessor : Using 'application/json', given [*/*] and supported [application/json, application/*+json, application/json, application/*+json]
2023-07-07 20:45:36.642 DEBUG 46293 --- [http-nio-8201-exec-8] m.m.a.RequestResponseBodyMethodProcessor : Writing [Result(code=200, message=success, data={allGenreList=[], currentGenreList=[]})]
2023-07-07 20:45:36.645 DEBUG 46293 --- [http-nio-8201-exec-8] o.s.web.servlet.DispatcherServlet        : Completed 200 OK
